{"meta": {"format": 3, "version": "7.13.4", "timestamp": "2026-02-26T20:49:15.457512", "branch_coverage": false, "show_contexts": false}, "files": {"__init__.py": {"executed_lines": [12, 13, 15, 16, 18], "summary": {"covered_lines": 5, "num_statements": 5, "percent_covered": 100.0, "percent_covered_display": "100", "missing_lines": 0, "excluded_lines": 0, "percent_statements_covered": 100.0, "percent_statements_covered_display": "100"}, "missing_lines": [], "excluded_lines": [], "functions": {"": {"executed_lines": [12, 13, 15, 16, 18], "summary": {"covered_lines": 5, "num_statements": 5, "percent_covered": 100.0, "percent_covered_display": "100", "missing_lines": 0, "excluded_lines": 0, "percent_statements_covered": 100.0, "percent_statements_covered_display": "100"}, "missing_lines": [], "excluded_lines": [], "start_line": 1}}, "classes": {"": {"executed_lines": [12, 13, 15, 16, 18], "summary": {"covered_lines": 5, "num_statements": 5, "percent_covered": 100.0, "percent_covered_display": "100", "missing_lines": 0, "excluded_lines": 0, "percent_statements_covered": 100.0, "percent_statements_covered_display": "100"}, "missing_lines": [], "excluded_lines": [], "start_line": 1}}}, "cli.py": {"executed_lines": [], "summary": {"covered_lines": 0, "num_statements": 177, "percent_covered": 0.0, "percent_covered_display": "0", "missing_lines": 177, "excluded_lines": 2, "percent_statements_covered": 0.0, "percent_statements_covered_display": "0"}, "missing_lines": [11, 12, 13, 14, 15, 16, 17, 18, 19, 20, 21, 22, 23, 25, 29, 30, 31, 33, 36, 37, 39, 42, 43, 44, 46, 47, 48, 50, 51, 52, 53, 54, 55, 57, 58, 64, 66, 68, 69, 70, 71, 74, 75, 76, 77, 78, 79, 80, 82, 88, 89, 90, 91, 93, 94, 95, 96, 97, 99, 100, 101, 104, 105, 106, 108, 109, 114, 115, 117, 118, 119, 121, 123, 124, 127, 128, 130, 133, 134, 136, 137, 138, 140, 141, 143, 144, 145, 146, 149, 150, 151, 153, 154, 155, 157, 158, 160, 161, 162, 163, 166, 167, 169, 170, 171, 173, 174, 175, 177, 178, 179, 180, 182, 184, 185, 186, 187, 190, 191, 192, 194, 195, 197, 199, 200, 203, 204, 206, 207, 208, 210, 211, 212, 214, 215, 216, 217, 219, 221, 222, 225, 226, 228, 231, 232, 233, 234, 236, 237, 243, 244, 246, 248, 249, 252, 253, 255, 258, 259, 261, 268, 269, 270, 272, 273, 274, 276, 277, 285, 286, 288, 289, 290, 291, 294, 296, 303], "excluded_lines": [299, 300], "functions": {"cli": {"executed_lines": [], "summary": {"covered_lines": 0, "num_statements": 1, "percent_covered": 0.0, "percent_covered_display": "0", "missing_lines": 1, "excluded_lines": 0, "percent_statements_covered": 0.0, "percent_statements_covered_display": "0"}, "missing_lines": [33], "excluded_lines": [], "start_line": 31}, "trigger": {"executed_lines": [], "summary": {"covered_lines": 0, "num_statements": 1, "percent_covered": 0.0, "percent_covered_display": "0", "missing_lines": 1, "excluded_lines": 0, "percent_statements_covered": 0.0, "percent_statements_covered_display": "0"}, "missing_lines": [39], "excluded_lines": [], "start_line": 37}, "trigger_list": {"executed_lines": [], "summary": {"covered_lines": 0, "num_statements": 17, "percent_covered": 0.0, "percent_covered_display": "0", "missing_lines": 17, "excluded_lines": 0, "percent_statements_covered": 0.0, "percent_statements_covered_display": "0"}, "missing_lines": [46, 47, 48, 50, 51, 52, 53, 54, 55, 57, 58, 64, 66, 68, 69, 70, 71], "excluded_lines": [], "start_line": 44}, "trigger_create": {"executed_lines": [], "summary": {"covered_lines": 0, "num_statements": 13, "percent_covered": 0.0, "percent_covered_display": "0", "missing_lines": 13, "excluded_lines": 0, "percent_statements_covered": 0.0, "percent_statements_covered_display": "0"}, "missing_lines": [82, 88, 89, 90, 91, 93, 94, 95, 96, 97, 99, 100, 101], "excluded_lines": [], "start_line": 80}, "trigger_execute": {"executed_lines": [], "summary": {"covered_lines": 0, "num_statements": 10, "percent_covered": 0.0, "percent_covered_display": "0", "missing_lines": 10, "excluded_lines": 0, "percent_statements_covered": 0.0, "percent_statements_covered_display": "0"}, "missing_lines": [108, 109, 114, 115, 117, 118, 119, 121, 123, 124], "excluded_lines": [], "start_line": 106}, "config": {"executed_lines": [], "summary": {"covered_lines": 0, "num_statements": 1, "percent_covered": 0.0, "percent_covered_display": "0", "missing_lines": 1, "excluded_lines": 0, "percent_statements_covered": 0.0, "percent_statements_covered_display": "0"}, "missing_lines": [130], "excluded_lines": [], "start_line": 128}, "config_show": {"executed_lines": [], "summary": {"covered_lines": 0, "num_statements": 9, "percent_covered": 0.0, "percent_covered_display": "0", "missing_lines": 9, "excluded_lines": 0, "percent_statements_covered": 0.0, "percent_statements_covered_display": "0"}, "missing_lines": [136, 137, 138, 140, 141, 143, 144, 145, 146], "excluded_lines": [], "start_line": 134}, "config_validate": {"executed_lines": [], "summary": {"covered_lines": 0, "num_statements": 9, "percent_covered": 0.0, "percent_covered_display": "0", "missing_lines": 9, "excluded_lines": 0, "percent_statements_covered": 0.0, "percent_statements_covered_display": "0"}, "missing_lines": [153, 154, 155, 157, 158, 160, 161, 162, 163], "excluded_lines": [], "start_line": 151}, "status": {"executed_lines": [], "summary": {"covered_lines": 0, "num_statements": 15, "percent_covered": 0.0, "percent_covered_display": "0", "missing_lines": 15, "excluded_lines": 0, "percent_statements_covered": 0.0, "percent_statements_covered_display": "0"}, "missing_lines": [169, 170, 171, 173, 174, 175, 177, 178, 179, 180, 182, 184, 185, 186, 187], "excluded_lines": [], "start_line": 167}, "screenshots": {"executed_lines": [], "summary": {"covered_lines": 0, "num_statements": 5, "percent_covered": 0.0, "percent_covered_display": "0", "missing_lines": 5, "excluded_lines": 0, "percent_statements_covered": 0.0, "percent_statements_covered_display": "0"}, "missing_lines": [194, 195, 197, 199, 200], "excluded_lines": [], "start_line": 192}, "stats": {"executed_lines": [], "summary": {"covered_lines": 0, "num_statements": 13, "percent_covered": 0.0, "percent_covered_display": "0", "missing_lines": 13, "excluded_lines": 0, "percent_statements_covered": 0.0, "percent_statements_covered_display": "0"}, "missing_lines": [206, 207, 208, 210, 211, 212, 214, 215, 216, 217, 219, 221, 222], "excluded_lines": [], "start_line": 204}, "automation": {"executed_lines": [], "summary": {"covered_lines": 0, "num_statements": 1, "percent_covered": 0.0, "percent_covered_display": "0", "missing_lines": 1, "excluded_lines": 0, "percent_statements_covered": 0.0, "percent_statements_covered_display": "0"}, "missing_lines": [228], "excluded_lines": [], "start_line": 226}, "automation_execute": {"executed_lines": [], "summary": {"covered_lines": 0, "num_statements": 7, "percent_covered": 0.0, "percent_covered_display": "0", "missing_lines": 7, "excluded_lines": 0, "percent_statements_covered": 0.0, "percent_statements_covered_display": "0"}, "missing_lines": [236, 237, 243, 244, 246, 248, 249], "excluded_lines": [], "start_line": 234}, "interactive": {"executed_lines": [], "summary": {"covered_lines": 0, "num_statements": 1, "percent_covered": 0.0, "percent_covered_display": "0", "missing_lines": 1, "excluded_lines": 0, "percent_statements_covered": 0.0, "percent_statements_covered_display": "0"}, "missing_lines": [255], "excluded_lines": [], "start_line": 253}, "start": {"executed_lines": [], "summary": {"covered_lines": 0, "num_statements": 15, "percent_covered": 0.0, "percent_covered_display": "0", "missing_lines": 15, "excluded_lines": 0, "percent_statements_covered": 0.0, "percent_statements_covered_display": "0"}, "missing_lines": [261, 268, 269, 270, 272, 273, 274, 276, 277, 285, 286, 288, 289, 290, 291], "excluded_lines": [], "start_line": 259}, "main": {"executed_lines": [], "summary": {"covered_lines": 0, "num_statements": 1, "percent_covered": 0.0, "percent_covered_display": "0", "missing_lines": 1, "excluded_lines": 0, "percent_statements_covered": 0.0, "percent_statements_covered_display": "0"}, "missing_lines": [296], "excluded_lines": [], "start_line": 294}, "": {"executed_lines": [], "summary": {"covered_lines": 0, "num_statements": 58, "percent_covered": 0.0, "percent_covered_display": "0", "missing_lines": 58, "excluded_lines": 2, "percent_statements_covered": 0.0, "percent_statements_covered_display": "0"}, "missing_lines": [11, 12, 13, 14, 15, 16, 17, 18, 19, 20, 21, 22, 23, 25, 29, 30, 31, 36, 37, 42, 43, 44, 74, 75, 76, 77, 78, 79, 80, 104, 105, 106, 127, 128, 133, 134, 149, 150, 151, 166, 167, 190, 191, 192, 203, 204, 225, 226, 231, 232, 233, 234, 252, 253, 258, 259, 294, 303], "excluded_lines": [299, 300], "start_line": 1}}, "classes": {"": {"executed_lines": [], "summary": {"covered_lines": 0, "num_statements": 177, "percent_covered": 0.0, "percent_covered_display": "0", "missing_lines": 177, "excluded_lines": 2, "percent_statements_covered": 0.0, "percent_statements_covered_display": "0"}, "missing_lines": [11, 12, 13, 14, 15, 16, 17, 18, 19, 20, 21, 22, 23, 25, 29, 30, 31, 33, 36, 37, 39, 42, 43, 44, 46, 47, 48, 50, 51, 52, 53, 54, 55, 57, 58, 64, 66, 68, 69, 70, 71, 74, 75, 76, 77, 78, 79, 80, 82, 88, 89, 90, 91, 93, 94, 95, 96, 97, 99, 100, 101, 104, 105, 106, 108, 109, 114, 115, 117, 118, 119, 121, 123, 124, 127, 128, 130, 133, 134, 136, 137, 138, 140, 141, 143, 144, 145, 146, 149, 150, 151, 153, 154, 155, 157, 158, 160, 161, 162, 163, 166, 167, 169, 170, 171, 173, 174, 175, 177, 178, 179, 180, 182, 184, 185, 186, 187, 190, 191, 192, 194, 195, 197, 199, 200, 203, 204, 206, 207, 208, 210, 211, 212, 214, 215, 216, 217, 219, 221, 222, 225, 226, 228, 231, 232, 233, 234, 236, 237, 243, 244, 246, 248, 249, 252, 253, 255, 258, 259, 261, 268, 269, 270, 272, 273, 274, 276, 277, 285, 286, 288, 289, 290, 291, 294, 296, 303], "excluded_lines": [299, 300], "start_line": 1}}}, "core/__init__.py": {"executed_lines": [13, 70, 71], "summary": {"covered_lines": 3, "num_statements": 43, "percent_covered": 6.976744186046512, "percent_covered_display": "7", "missing_lines": 40, "excluded_lines": 0, "percent_statements_covered": 6.976744186046512, "percent_statements_covered_display": "7"}, "missing_lines": [17, 18, 19, 20, 21, 22, 23, 24, 25, 26, 27, 28, 29, 30, 31, 32, 33, 34, 37, 38, 39, 40, 41, 42, 43, 44, 45, 48, 49, 50, 51, 52, 53, 56, 57, 58, 61, 62, 63, 65], "excluded_lines": [], "functions": {"__getattr__": {"executed_lines": [], "summary": {"covered_lines": 0, "num_statements": 40, "percent_covered": 0.0, "percent_covered_display": "0", "missing_lines": 40, "excluded_lines": 0, "percent_statements_covered": 0.0, "percent_statements_covered_display": "0"}, "missing_lines": [17, 18, 19, 20, 21, 22, 23, 24, 25, 26, 27, 28, 29, 30, 31, 32, 33, 34, 37, 38, 39, 40, 41, 42, 43, 44, 45, 48, 49, 50, 51, 52, 53, 56, 57, 58, 61, 62, 63, 65], "excluded_lines": [], "start_line": 13}, "": {"executed_lines": [13, 70, 71], "summary": {"covered_lines": 3, "num_statements": 3, "percent_covered": 100.0, "percent_covered_display": "100", "missing_lines": 0, "excluded_lines": 0, "percent_statements_covered": 100.0, "percent_statements_covered_display": "100"}, "missing_lines": [], "excluded_lines": [], "start_line": 1}}, "classes": {"": {"executed_lines": [13, 70, 71], "summary": {"covered_lines": 3, "num_statements": 43, "percent_covered": 6.976744186046512, "percent_covered_display": "7", "missing_lines": 40, "excluded_lines": 0, "percent_statements_covered": 6.976744186046512, "percent_statements_covered_display": "7"}, "missing_lines": [17, 18, 19, 20, 21, 22, 23, 24, 25, 26, 27, 28, 29, 30, 31, 32, 33, 34, 37, 38, 39, 40, 41, 42, 43, 44, 45, 48, 49, 50, 51, 52, 53, 56, 57, 58, 61, 62, 63, 65], "excluded_lines": [], "start_line": 1}}}, "core/actions.py": {"executed_lines": [3, 4, 5, 6, 7, 8, 10, 12, 15, 17, 18, 19, 22, 23, 25, 26, 27, 28, 29, 31, 32, 34, 43, 45, 48, 51, 52, 54, 56, 57, 58, 59, 60, 61, 62, 65, 72, 74, 75, 76, 78, 79, 80, 82, 83, 84, 85, 93, 94, 95, 98, 101, 102, 160, 161, 188, 189, 195, 198, 199, 213, 214, 237, 238, 260, 261, 290, 291, 303, 306, 307, 308, 310, 312, 313, 314, 316, 318, 319, 320, 322, 323, 324, 326, 328, 333, 364, 366, 367, 368, 370, 374, 375, 377, 384, 387, 388, 398], "summary": {"covered_lines": 98, "num_statements": 210, "percent_covered": 46.666666666666664, "percent_covered_display": "47", "missing_lines": 112, "excluded_lines": 0, "percent_statements_covered": 46.666666666666664, "percent_statements_covered_display": "47"}, "missing_lines": [63, 87, 89, 90, 116, 117, 120, 131, 133, 134, 141, 142, 143, 145, 146, 148, 149, 150, 152, 153, 154, 156, 157, 158, 171, 173, 174, 175, 176, 177, 178, 179, 180, 181, 182, 183, 184, 185, 186, 191, 192, 201, 202, 207, 208, 209, 210, 211, 216, 217, 218, 223, 225, 230, 231, 233, 234, 235, 240, 241, 242, 247, 249, 254, 256, 257, 258, 263, 264, 269, 271, 272, 274, 279, 281, 283, 284, 286, 287, 288, 293, 294, 295, 296, 297, 298, 299, 300, 329, 330, 331, 334, 335, 337, 338, 342, 343, 348, 349, 354, 355, 361, 362, 371, 372, 379, 380, 381, 390, 391, 392, 394], "excluded_lines": [], "functions": {"RetryConfig.from_dict": {"executed_lines": [34], "summary": {"covered_lines": 1, "num_statements": 1, "percent_covered": 100.0, "percent_covered_display": "100", "missing_lines": 0, "excluded_lines": 0, "percent_statements_covered": 100.0, "percent_statements_covered_display": "100"}, "missing_lines": [], "excluded_lines": [], "start_line": 32}, "ActionExecutor.__init__": {"executed_lines": [52], "summary": {"covered_lines": 1, "num_statements": 1, "percent_covered": 100.0, "percent_covered_display": "100", "missing_lines": 0, "excluded_lines": 0, "percent_statements_covered": 100.0, "percent_statements_covered_display": "100"}, "missing_lines": [], "excluded_lines": [], "start_line": 51}, "ActionExecutor.calculate_delay": {"executed_lines": [56, 57, 58, 59, 60, 61, 62], "summary": {"covered_lines": 7, "num_statements": 8, "percent_covered": 87.5, "percent_covered_display": "88", "missing_lines": 1, "excluded_lines": 0, "percent_statements_covered": 87.5, "percent_statements_covered_display": "88"}, "missing_lines": [63], "excluded_lines": [], "start_line": 54}, "ActionExecutor.execute_with_retry": {"executed_lines": [72, 74, 75, 76, 78, 79, 80, 82, 83, 84, 85, 93, 94, 95], "summary": {"covered_lines": 14, "num_statements": 17, "percent_covered": 82.3529411764706, "percent_covered_display": "82", "missing_lines": 3, "excluded_lines": 0, "percent_statements_covered": 82.3529411764706, "percent_statements_covered_display": "82"}, "missing_lines": [87, 89, 90], "excluded_lines": [], "start_line": 65}, "KeyboardAction.press": {"executed_lines": [], "summary": {"covered_lines": 0, "num_statements": 20, "percent_covered": 0.0, "percent_covered_display": "0", "missing_lines": 20, "excluded_lines": 0, "percent_statements_covered": 0.0, "percent_statements_covered_display": "0"}, "missing_lines": [116, 117, 120, 131, 133, 134, 141, 142, 143, 145, 146, 148, 149, 150, 152, 153, 154, 156, 157, 158], "excluded_lines": [], "start_line": 102}, "KeyboardAction.type_text": {"executed_lines": [], "summary": {"covered_lines": 0, "num_statements": 15, "percent_covered": 0.0, "percent_covered_display": "0", "missing_lines": 15, "excluded_lines": 0, "percent_statements_covered": 0.0, "percent_statements_covered_display": "0"}, "missing_lines": [171, 173, 174, 175, 176, 177, 178, 179, 180, 181, 182, 183, 184, 185, 186], "excluded_lines": [], "start_line": 161}, "KeyboardAction.hotkey": {"executed_lines": [], "summary": {"covered_lines": 0, "num_statements": 2, "percent_covered": 0.0, "percent_covered_display": "0", "missing_lines": 2, "excluded_lines": 0, "percent_statements_covered": 0.0, "percent_statements_covered_display": "0"}, "missing_lines": [191, 192], "excluded_lines": [], "start_line": 189}, "MouseAction.move": {"executed_lines": [], "summary": {"covered_lines": 0, "num_statements": 7, "percent_covered": 0.0, "percent_covered_display": "0", "missing_lines": 7, "excluded_lines": 0, "percent_statements_covered": 0.0, "percent_statements_covered_display": "0"}, "missing_lines": [201, 202, 207, 208, 209, 210, 211], "excluded_lines": [], "start_line": 199}, "MouseAction.click": {"executed_lines": [], "summary": {"covered_lines": 0, "num_statements": 10, "percent_covered": 0.0, "percent_covered_display": "0", "missing_lines": 10, "excluded_lines": 0, "percent_statements_covered": 0.0, "percent_statements_covered_display": "0"}, "missing_lines": [216, 217, 218, 223, 225, 230, 231, 233, 234, 235], "excluded_lines": [], "start_line": 214}, "MouseAction.double_click": {"executed_lines": [], "summary": {"covered_lines": 0, "num_statements": 9, "percent_covered": 0.0, "percent_covered_display": "0", "missing_lines": 9, "excluded_lines": 0, "percent_statements_covered": 0.0, "percent_statements_covered_display": "0"}, "missing_lines": [240, 241, 242, 247, 249, 254, 256, 257, 258], "excluded_lines": [], "start_line": 238}, "MouseAction.drag": {"executed_lines": [], "summary": {"covered_lines": 0, "num_statements": 13, "percent_covered": 0.0, "percent_covered_display": "0", "missing_lines": 13, "excluded_lines": 0, "percent_statements_covered": 0.0, "percent_statements_covered_display": "0"}, "missing_lines": [263, 264, 269, 271, 272, 274, 279, 281, 283, 284, 286, 287, 288], "excluded_lines": [], "start_line": 261}, "MouseAction.scroll": {"executed_lines": [], "summary": {"covered_lines": 0, "num_statements": 8, "percent_covered": 0.0, "percent_covered_display": "0", "missing_lines": 8, "excluded_lines": 0, "percent_statements_covered": 0.0, "percent_statements_covered_display": "0"}, "missing_lines": [293, 294, 295, 296, 297, 298, 299, 300], "excluded_lines": [], "start_line": 291}, "ActionSequence.__init__": {"executed_lines": [307, 308], "summary": {"covered_lines": 2, "num_statements": 2, "percent_covered": 100.0, "percent_covered_display": "100", "missing_lines": 0, "excluded_lines": 0, "percent_statements_covered": 100.0, "percent_statements_covered_display": "100"}, "missing_lines": [], "excluded_lines": [], "start_line": 306}, "ActionSequence.execute": {"executed_lines": [312, 313, 314, 316, 318, 319, 320, 322, 323, 324, 326, 328, 333, 364, 366, 367, 368, 370, 374, 375], "summary": {"covered_lines": 20, "num_statements": 37, "percent_covered": 54.054054054054056, "percent_covered_display": "54", "missing_lines": 17, "excluded_lines": 0, "percent_statements_covered": 54.054054054054056, "percent_statements_covered_display": "54"}, "missing_lines": [329, 330, 331, 334, 335, 337, 338, 342, 343, 348, 349, 354, 355, 361, 362, 371, 372], "excluded_lines": [], "start_line": 310}, "ActionSequence.execute_async": {"executed_lines": [], "summary": {"covered_lines": 0, "num_statements": 3, "percent_covered": 0.0, "percent_covered_display": "0", "missing_lines": 3, "excluded_lines": 0, "percent_statements_covered": 0.0, "percent_statements_covered_display": "0"}, "missing_lines": [379, 380, 381], "excluded_lines": [], "start_line": 377}, "TriggerAction.execute": {"executed_lines": [], "summary": {"covered_lines": 0, "num_statements": 4, "percent_covered": 0.0, "percent_covered_display": "0", "missing_lines": 4, "excluded_lines": 0, "percent_statements_covered": 0.0, "percent_statements_covered_display": "0"}, "missing_lines": [390, 391, 392, 394], "excluded_lines": [], "start_line": 388}, "": {"executed_lines": [3, 4, 5, 6, 7, 8, 10, 12, 15, 17, 18, 19, 22, 23, 25, 26, 27, 28, 29, 31, 32, 43, 45, 48, 51, 54, 65, 98, 101, 102, 160, 161, 188, 189, 195, 198, 199, 213, 214, 237, 238, 260, 261, 290, 291, 303, 306, 310, 377, 384, 387, 388, 398], "summary": {"covered_lines": 53, "num_statements": 53, "percent_covered": 100.0, "percent_covered_display": "100", "missing_lines": 0, "excluded_lines": 0, "percent_statements_covered": 100.0, "percent_statements_covered_display": "100"}, "missing_lines": [], "excluded_lines": [], "start_line": 1}}, "classes": {"RetryStrategy": {"executed_lines": [], "summary": {"covered_lines": 0, "num_statements": 0, "percent_covered": 100.0, "percent_covered_display": "100", "missing_lines": 0, "excluded_lines": 0, "percent_statements_covered": 100.0, "percent_statements_covered_display": "100"}, "missing_lines": [], "excluded_lines": [], "start_line": 15}, "RetryConfig": {"executed_lines": [34], "summary": {"covered_lines": 1, "num_statements": 1, "percent_covered": 100.0, "percent_covered_display": "100", "missing_lines": 0, "excluded_lines": 0, "percent_statements_covered": 100.0, "percent_statements_covered_display": "100"}, "missing_lines": [], "excluded_lines": [], "start_line": 23}, "RetryableError": {"executed_lines": [], "summary": {"covered_lines": 0, "num_statements": 0, "percent_covered": 100.0, "percent_covered_display": "100", "missing_lines": 0, "excluded_lines": 0, "percent_statements_covered": 100.0, "percent_statements_covered_display": "100"}, "missing_lines": [], "excluded_lines": [], "start_line": 43}, "ActionExecutor": {"executed_lines": [52, 56, 57, 58, 59, 60, 61, 62, 72, 74, 75, 76, 78, 79, 80, 82, 83, 84, 85, 93, 94, 95], "summary": {"covered_lines": 22, "num_statements": 26, "percent_covered": 84.61538461538461, "percent_covered_display": "85", "missing_lines": 4, "excluded_lines": 0, "percent_statements_covered": 84.61538461538461, "percent_statements_covered_display": "85"}, "missing_lines": [63, 87, 89, 90], "excluded_lines": [], "start_line": 48}, "KeyboardAction": {"executed_lines": [], "summary": {"covered_lines": 0, "num_statements": 37, "percent_covered": 0.0, "percent_covered_display": "0", "missing_lines": 37, "excluded_lines": 0, "percent_statements_covered": 0.0, "percent_statements_covered_display": "0"}, "missing_lines": [116, 117, 120, 131, 133, 134, 141, 142, 143, 145, 146, 148, 149, 150, 152, 153, 154, 156, 157, 158, 171, 173, 174, 175, 176, 177, 178, 179, 180, 181, 182, 183, 184, 185, 186, 191, 192], "excluded_lines": [], "start_line": 98}, "MouseAction": {"executed_lines": [], "summary": {"covered_lines": 0, "num_statements": 47, "percent_covered": 0.0, "percent_covered_display": "0", "missing_lines": 47, "excluded_lines": 0, "percent_statements_covered": 0.0, "percent_statements_covered_display": "0"}, "missing_lines": [201, 202, 207, 208, 209, 210, 211, 216, 217, 218, 223, 225, 230, 231, 233, 234, 235, 240, 241, 242, 247, 249, 254, 256, 257, 258, 263, 264, 269, 271, 272, 274, 279, 281, 283, 284, 286, 287, 288, 293, 294, 295, 296, 297, 298, 299, 300], "excluded_lines": [], "start_line": 195}, "ActionSequence": {"executed_lines": [307, 308, 312, 313, 314, 316, 318, 319, 320, 322, 323, 324, 326, 328, 333, 364, 366, 367, 368, 370, 374, 375], "summary": {"covered_lines": 22, "num_statements": 42, "percent_covered": 52.38095238095238, "percent_covered_display": "52", "missing_lines": 20, "excluded_lines": 0, "percent_statements_covered": 52.38095238095238, "percent_statements_covered_display": "52"}, "missing_lines": [329, 330, 331, 334, 335, 337, 338, 342, 343, 348, 349, 354, 355, 361, 362, 371, 372, 379, 380, 381], "excluded_lines": [], "start_line": 303}, "TriggerAction": {"executed_lines": [], "summary": {"covered_lines": 0, "num_statements": 4, "percent_covered": 0.0, "percent_covered_display": "0", "missing_lines": 4, "excluded_lines": 0, "percent_statements_covered": 0.0, "percent_statements_covered_display": "0"}, "missing_lines": [390, 391, 392, 394], "excluded_lines": [], "start_line": 384}, "": {"executed_lines": [3, 4, 5, 6, 7, 8, 10, 12, 15, 17, 18, 19, 22, 23, 25, 26, 27, 28, 29, 31, 32, 43, 45, 48, 51, 54, 65, 98, 101, 102, 160, 161, 188, 189, 195, 198, 199, 213, 214, 237, 238, 260, 261, 290, 291, 303, 306, 310, 377, 384, 387, 388, 398], "summary": {"covered_lines": 53, "num_statements": 53, "percent_covered": 100.0, "percent_covered_display": "100", "missing_lines": 0, "excluded_lines": 0, "percent_statements_covered": 100.0, "percent_statements_covered_display": "100"}, "missing_lines": [], "excluded_lines": [], "start_line": 1}}}, "core/agent_comm.py": {"executed_lines": [], "summary": {"covered_lines": 0, "num_statements": 151, "percent_covered": 0.0, "percent_covered_display": "0", "missing_lines": 151, "excluded_lines": 0, "percent_statements_covered": 0.0, "percent_statements_covered_display": "0"}, "missing_lines": [7, 8, 9, 10, 11, 12, 13, 15, 17, 20, 22, 23, 24, 25, 26, 29, 31, 32, 33, 34, 37, 38, 40, 41, 42, 43, 44, 45, 46, 47, 48, 49, 52, 53, 55, 56, 57, 58, 59, 62, 65, 66, 67, 68, 69, 71, 73, 74, 77, 79, 81, 82, 83, 84, 86, 88, 89, 90, 91, 93, 95, 96, 99, 111, 112, 113, 114, 115, 116, 117, 119, 127, 128, 135, 136, 138, 139, 141, 143, 144, 145, 146, 147, 148, 149, 151, 153, 155, 157, 158, 159, 160, 162, 173, 175, 176, 177, 179, 191, 194, 196, 197, 199, 208, 209, 210, 211, 213, 214, 215, 223, 229, 230, 231, 232, 234, 241, 249, 251, 252, 253, 255, 257, 258, 259, 260, 261, 262, 264, 266, 267, 268, 270, 276, 277, 278, 282, 293, 295, 311, 314, 317, 318, 319, 322, 324, 327, 329, 332, 334, 337], "excluded_lines": [], "functions": {"AgentMailbox.__init__": {"executed_lines": [], "summary": {"covered_lines": 0, "num_statements": 4, "percent_covered": 0.0, "percent_covered_display": "0", "missing_lines": 4, "excluded_lines": 0, "percent_statements_covered": 0.0, "percent_statements_covered_display": "0"}, "missing_lines": [66, 67, 68, 69], "excluded_lines": [], "start_line": 65}, "AgentMailbox.add_message": {"executed_lines": [], "summary": {"covered_lines": 0, "num_statements": 3, "percent_covered": 0.0, "percent_covered_display": "0", "missing_lines": 3, "excluded_lines": 0, "percent_statements_covered": 0.0, "percent_statements_covered_display": "0"}, "missing_lines": [73, 74, 77], "excluded_lines": [], "start_line": 71}, "AgentMailbox.get_messages": {"executed_lines": [], "summary": {"covered_lines": 0, "num_statements": 4, "percent_covered": 0.0, "percent_covered_display": "0", "missing_lines": 4, "excluded_lines": 0, "percent_statements_covered": 0.0, "percent_statements_covered_display": "0"}, "missing_lines": [81, 82, 83, 84], "excluded_lines": [], "start_line": 79}, "AgentMailbox.mark_read": {"executed_lines": [], "summary": {"covered_lines": 0, "num_statements": 4, "percent_covered": 0.0, "percent_covered_display": "0", "missing_lines": 4, "excluded_lines": 0, "percent_statements_covered": 0.0, "percent_statements_covered_display": "0"}, "missing_lines": [88, 89, 90, 91], "excluded_lines": [], "start_line": 86}, "AgentMailbox.clear": {"executed_lines": [], "summary": {"covered_lines": 0, "num_statements": 2, "percent_covered": 0.0, "percent_covered_display": "0", "missing_lines": 2, "excluded_lines": 0, "percent_statements_covered": 0.0, "percent_statements_covered_display": "0"}, "missing_lines": [95, 96], "excluded_lines": [], "start_line": 93}, "AgentCommunication.__init__": {"executed_lines": [], "summary": {"covered_lines": 0, "num_statements": 6, "percent_covered": 0.0, "percent_covered_display": "0", "missing_lines": 6, "excluded_lines": 0, "percent_statements_covered": 0.0, "percent_statements_covered_display": "0"}, "missing_lines": [112, 113, 114, 115, 116, 117], "excluded_lines": [], "start_line": 111}, "AgentCommunication.register_agent": {"executed_lines": [], "summary": {"covered_lines": 0, "num_statements": 6, "percent_covered": 0.0, "percent_covered_display": "0", "missing_lines": 6, "excluded_lines": 0, "percent_statements_covered": 0.0, "percent_statements_covered_display": "0"}, "missing_lines": [127, 128, 135, 136, 138, 139], "excluded_lines": [], "start_line": 119}, "AgentCommunication.unregister_agent": {"executed_lines": [], "summary": {"covered_lines": 0, "num_statements": 7, "percent_covered": 0.0, "percent_covered_display": "0", "missing_lines": 7, "excluded_lines": 0, "percent_statements_covered": 0.0, "percent_statements_covered_display": "0"}, "missing_lines": [143, 144, 145, 146, 147, 148, 149], "excluded_lines": [], "start_line": 141}, "AgentCommunication.get_agent": {"executed_lines": [], "summary": {"covered_lines": 0, "num_statements": 1, "percent_covered": 0.0, "percent_covered_display": "0", "missing_lines": 1, "excluded_lines": 0, "percent_statements_covered": 0.0, "percent_statements_covered_display": "0"}, "missing_lines": [153], "excluded_lines": [], "start_line": 151}, "AgentCommunication.list_agents": {"executed_lines": [], "summary": {"covered_lines": 0, "num_statements": 4, "percent_covered": 0.0, "percent_covered_display": "0", "missing_lines": 4, "excluded_lines": 0, "percent_statements_covered": 0.0, "percent_statements_covered_display": "0"}, "missing_lines": [157, 158, 159, 160], "excluded_lines": [], "start_line": 155}, "AgentCommunication.send_message": {"executed_lines": [], "summary": {"covered_lines": 0, "num_statements": 9, "percent_covered": 0.0, "percent_covered_display": "0", "missing_lines": 9, "excluded_lines": 0, "percent_statements_covered": 0.0, "percent_statements_covered_display": "0"}, "missing_lines": [173, 175, 176, 177, 179, 191, 194, 196, 197], "excluded_lines": [], "start_line": 162}, "AgentCommunication.broadcast": {"executed_lines": [], "summary": {"covered_lines": 0, "num_statements": 7, "percent_covered": 0.0, "percent_covered_display": "0", "missing_lines": 7, "excluded_lines": 0, "percent_statements_covered": 0.0, "percent_statements_covered_display": "0"}, "missing_lines": [208, 209, 210, 211, 213, 214, 215], "excluded_lines": [], "start_line": 199}, "AgentCommunication.get_messages": {"executed_lines": [], "summary": {"covered_lines": 0, "num_statements": 4, "percent_covered": 0.0, "percent_covered_display": "0", "missing_lines": 4, "excluded_lines": 0, "percent_statements_covered": 0.0, "percent_statements_covered_display": "0"}, "missing_lines": [229, 230, 231, 232], "excluded_lines": [], "start_line": 223}, "AgentCommunication.reply_to": {"executed_lines": [], "summary": {"covered_lines": 0, "num_statements": 1, "percent_covered": 0.0, "percent_covered_display": "0", "missing_lines": 1, "excluded_lines": 0, "percent_statements_covered": 0.0, "percent_statements_covered_display": "0"}, "missing_lines": [241], "excluded_lines": [], "start_line": 234}, "AgentCommunication.subscribe": {"executed_lines": [], "summary": {"covered_lines": 0, "num_statements": 3, "percent_covered": 0.0, "percent_covered_display": "0", "missing_lines": 3, "excluded_lines": 0, "percent_statements_covered": 0.0, "percent_statements_covered_display": "0"}, "missing_lines": [251, 252, 253], "excluded_lines": [], "start_line": 249}, "AgentCommunication.notify": {"executed_lines": [], "summary": {"covered_lines": 0, "num_statements": 6, "percent_covered": 0.0, "percent_covered_display": "0", "missing_lines": 6, "excluded_lines": 0, "percent_statements_covered": 0.0, "percent_statements_covered_display": "0"}, "missing_lines": [257, 258, 259, 260, 261, 262], "excluded_lines": [], "start_line": 255}, "AgentCommunication._add_to_history": {"executed_lines": [], "summary": {"covered_lines": 0, "num_statements": 3, "percent_covered": 0.0, "percent_covered_display": "0", "missing_lines": 3, "excluded_lines": 0, "percent_statements_covered": 0.0, "percent_statements_covered_display": "0"}, "missing_lines": [266, 267, 268], "excluded_lines": [], "start_line": 264}, "AgentCommunication.get_history": {"executed_lines": [], "summary": {"covered_lines": 0, "num_statements": 4, "percent_covered": 0.0, "percent_covered_display": "0", "missing_lines": 4, "excluded_lines": 0, "percent_statements_covered": 0.0, "percent_statements_covered_display": "0"}, "missing_lines": [276, 277, 278, 282], "excluded_lines": [], "start_line": 270}, "AgentCommunication.get_stats": {"executed_lines": [], "summary": {"covered_lines": 0, "num_statements": 1, "percent_covered": 0.0, "percent_covered_display": "0", "missing_lines": 1, "excluded_lines": 0, "percent_statements_covered": 0.0, "percent_statements_covered_display": "0"}, "missing_lines": [295], "excluded_lines": [], "start_line": 293}, "get_communication": {"executed_lines": [], "summary": {"covered_lines": 0, "num_statements": 3, "percent_covered": 0.0, "percent_covered_display": "0", "missing_lines": 3, "excluded_lines": 0, "percent_statements_covered": 0.0, "percent_statements_covered_display": "0"}, "missing_lines": [317, 318, 319], "excluded_lines": [], "start_line": 314}, "register_agent": {"executed_lines": [], "summary": {"covered_lines": 0, "num_statements": 1, "percent_covered": 0.0, "percent_covered_display": "0", "missing_lines": 1, "excluded_lines": 0, "percent_statements_covered": 0.0, "percent_statements_covered_display": "0"}, "missing_lines": [324], "excluded_lines": [], "start_line": 322}, "send_to": {"executed_lines": [], "summary": {"covered_lines": 0, "num_statements": 1, "percent_covered": 0.0, "percent_covered_display": "0", "missing_lines": 1, "excluded_lines": 0, "percent_statements_covered": 0.0, "percent_statements_covered_display": "0"}, "missing_lines": [329], "excluded_lines": [], "start_line": 327}, "receive_from": {"executed_lines": [], "summary": {"covered_lines": 0, "num_statements": 1, "percent_covered": 0.0, "percent_covered_display": "0", "missing_lines": 1, "excluded_lines": 0, "percent_statements_covered": 0.0, "percent_statements_covered_display": "0"}, "missing_lines": [334], "excluded_lines": [], "start_line": 332}, "": {"executed_lines": [], "summary": {"covered_lines": 0, "num_statements": 66, "percent_covered": 0.0, "percent_covered_display": "0", "missing_lines": 66, "excluded_lines": 0, "percent_statements_covered": 0.0, "percent_statements_covered_display": "0"}, "missing_lines": [7, 8, 9, 10, 11, 12, 13, 15, 17, 20, 22, 23, 24, 25, 26, 29, 31, 32, 33, 34, 37, 38, 40, 41, 42, 43, 44, 45, 46, 47, 48, 49, 52, 53, 55, 56, 57, 58, 59, 62, 65, 71, 79, 86, 93, 99, 111, 119, 141, 151, 155, 162, 199, 223, 234, 249, 255, 264, 270, 293, 311, 314, 322, 327, 332, 337], "excluded_lines": [], "start_line": 1}}, "classes": {"MessageType": {"executed_lines": [], "summary": {"covered_lines": 0, "num_statements": 0, "percent_covered": 100.0, "percent_covered_display": "100", "missing_lines": 0, "excluded_lines": 0, "percent_statements_covered": 100.0, "percent_statements_covered_display": "100"}, "missing_lines": [], "excluded_lines": [], "start_line": 20}, "Priority": {"executed_lines": [], "summary": {"covered_lines": 0, "num_statements": 0, "percent_covered": 100.0, "percent_covered_display": "100", "missing_lines": 0, "excluded_lines": 0, "percent_statements_covered": 100.0, "percent_statements_covered_display": "100"}, "missing_lines": [], "excluded_lines": [], "start_line": 29}, "AgentMessage": {"executed_lines": [], "summary": {"covered_lines": 0, "num_statements": 0, "percent_covered": 100.0, "percent_covered_display": "100", "missing_lines": 0, "excluded_lines": 0, "percent_statements_covered": 100.0, "percent_statements_covered_display": "100"}, "missing_lines": [], "excluded_lines": [], "start_line": 38}, "Agent": {"executed_lines": [], "summary": {"covered_lines": 0, "num_statements": 0, "percent_covered": 100.0, "percent_covered_display": "100", "missing_lines": 0, "excluded_lines": 0, "percent_statements_covered": 100.0, "percent_statements_covered_display": "100"}, "missing_lines": [], "excluded_lines": [], "start_line": 53}, "AgentMailbox": {"executed_lines": [], "summary": {"covered_lines": 0, "num_statements": 17, "percent_covered": 0.0, "percent_covered_display": "0", "missing_lines": 17, "excluded_lines": 0, "percent_statements_covered": 0.0, "percent_statements_covered_display": "0"}, "missing_lines": [66, 67, 68, 69, 73, 74, 77, 81, 82, 83, 84, 88, 89, 90, 91, 95, 96], "excluded_lines": [], "start_line": 62}, "AgentCommunication": {"executed_lines": [], "summary": {"covered_lines": 0, "num_statements": 62, "percent_covered": 0.0, "percent_covered_display": "0", "missing_lines": 62, "excluded_lines": 0, "percent_statements_covered": 0.0, "percent_statements_covered_display": "0"}, "missing_lines": [112, 113, 114, 115, 116, 117, 127, 128, 135, 136, 138, 139, 143, 144, 145, 146, 147, 148, 149, 153, 157, 158, 159, 160, 173, 175, 176, 177, 179, 191, 194, 196, 197, 208, 209, 210, 211, 213, 214, 215, 229, 230, 231, 232, 241, 251, 252, 253, 257, 258, 259, 260, 261, 262, 266, 267, 268, 276, 277, 278, 282, 295], "excluded_lines": [], "start_line": 99}, "": {"executed_lines": [], "summary": {"covered_lines": 0, "num_statements": 72, "percent_covered": 0.0, "percent_covered_display": "0", "missing_lines": 72, "excluded_lines": 0, "percent_statements_covered": 0.0, "percent_statements_covered_display": "0"}, "missing_lines": [7, 8, 9, 10, 11, 12, 13, 15, 17, 20, 22, 23, 24, 25, 26, 29, 31, 32, 33, 34, 37, 38, 40, 41, 42, 43, 44, 45, 46, 47, 48, 49, 52, 53, 55, 56, 57, 58, 59, 62, 65, 71, 79, 86, 93, 99, 111, 119, 141, 151, 155, 162, 199, 223, 234, 249, 255, 264, 270, 293, 311, 314, 317, 318, 319, 322, 324, 327, 329, 332, 334, 337], "excluded_lines": [], "start_line": 1}}}, "core/agent_memory.py": {"executed_lines": [8, 9, 10, 11, 12, 13, 14, 15, 16, 18, 20, 22, 25, 27, 28, 29, 30, 33, 34, 36, 37, 38, 39, 40, 41, 42, 43, 44, 47, 48, 50, 51, 52, 53, 56, 62, 69, 70, 71, 72, 75, 76, 79, 82, 84, 86, 90, 92, 94, 95, 96, 101, 118, 120, 121, 122, 124, 133, 134, 135, 136, 137, 140, 143, 153, 156, 160, 162, 163, 165, 167, 169, 170, 171, 173, 175, 177, 180, 183, 185, 189, 193, 194, 200, 201, 203, 206, 209, 211, 220, 229, 231, 236, 238, 239, 240, 245, 249, 256, 257, 264, 277, 290, 292, 293, 299, 311, 312, 317, 319, 320, 321, 323, 324, 325, 326, 328, 329, 330, 331, 332, 334, 339, 341, 342, 343, 348, 357, 360, 362, 363, 364, 367, 373, 378, 384, 389, 395, 400], "summary": {"covered_lines": 139, "num_statements": 178, "percent_covered": 78.08988764044943, "percent_covered_display": "78", "missing_lines": 39, "excluded_lines": 0, "percent_statements_covered": 78.08988764044943, "percent_statements_covered_display": "78"}, "missing_lines": [99, 103, 104, 106, 107, 108, 109, 112, 113, 114, 116, 157, 186, 190, 213, 217, 218, 222, 226, 227, 247, 266, 267, 268, 270, 271, 272, 273, 275, 280, 281, 284, 285, 286, 288, 314, 315, 336, 337], "excluded_lines": [], "functions": {"AgentMemory.__init__": {"executed_lines": [69, 70, 71, 72, 75, 76, 79, 82], "summary": {"covered_lines": 8, "num_statements": 8, "percent_covered": 100.0, "percent_covered_display": "100", "missing_lines": 0, "excluded_lines": 0, "percent_statements_covered": 100.0, "percent_statements_covered_display": "100"}, "missing_lines": [], "excluded_lines": [], "start_line": 62}, "AgentMemory._generate_id": {"executed_lines": [86], "summary": {"covered_lines": 1, "num_statements": 1, "percent_covered": 100.0, "percent_covered_display": "100", "missing_lines": 0, "excluded_lines": 0, "percent_statements_covered": 100.0, "percent_statements_covered_display": "100"}, "missing_lines": [], "excluded_lines": [], "start_line": 84}, "AgentMemory._compute_embedding": {"executed_lines": [92, 94, 95, 96], "summary": {"covered_lines": 4, "num_statements": 5, "percent_covered": 80.0, "percent_covered_display": "80", "missing_lines": 1, "excluded_lines": 0, "percent_statements_covered": 80.0, "percent_statements_covered_display": "80"}, "missing_lines": [99], "excluded_lines": [], "start_line": 90}, "AgentMemory._simple_embedding": {"executed_lines": [], "summary": {"covered_lines": 0, "num_statements": 10, "percent_covered": 0.0, "percent_covered_display": "0", "missing_lines": 10, "excluded_lines": 0, "percent_statements_covered": 0.0, "percent_statements_covered_display": "0"}, "missing_lines": [103, 104, 106, 107, 108, 109, 112, 113, 114, 116], "excluded_lines": [], "start_line": 101}, "AgentMemory._cosine_similarity": {"executed_lines": [120, 121, 122], "summary": {"covered_lines": 3, "num_statements": 3, "percent_covered": 100.0, "percent_covered_display": "100", "missing_lines": 0, "excluded_lines": 0, "percent_statements_covered": 100.0, "percent_statements_covered_display": "100"}, "missing_lines": [], "excluded_lines": [], "start_line": 118}, "AgentMemory.add_memory": {"executed_lines": [133, 134, 135, 136, 137, 140, 143, 153, 156, 160, 162, 163], "summary": {"covered_lines": 12, "num_statements": 13, "percent_covered": 92.3076923076923, "percent_covered_display": "92", "missing_lines": 1, "excluded_lines": 0, "percent_statements_covered": 92.3076923076923, "percent_statements_covered_display": "92"}, "missing_lines": [157], "excluded_lines": [], "start_line": 124}, "AgentMemory.get_memory": {"executed_lines": [167, 169, 170, 171, 173], "summary": {"covered_lines": 5, "num_statements": 5, "percent_covered": 100.0, "percent_covered_display": "100", "missing_lines": 0, "excluded_lines": 0, "percent_statements_covered": 100.0, "percent_statements_covered_display": "100"}, "missing_lines": [], "excluded_lines": [], "start_line": 165}, "AgentMemory.query_memories": {"executed_lines": [177, 180, 183, 185, 189, 193, 194, 200, 201, 203, 206, 209], "summary": {"covered_lines": 12, "num_statements": 14, "percent_covered": 85.71428571428571, "percent_covered_display": "86", "missing_lines": 2, "excluded_lines": 0, "percent_statements_covered": 85.71428571428571, "percent_statements_covered_display": "86"}, "missing_lines": [186, 190], "excluded_lines": [], "start_line": 175}, "AgentMemory.get_episodic": {"executed_lines": [], "summary": {"covered_lines": 0, "num_statements": 3, "percent_covered": 0.0, "percent_covered_display": "0", "missing_lines": 3, "excluded_lines": 0, "percent_statements_covered": 0.0, "percent_statements_covered_display": "0"}, "missing_lines": [213, 217, 218], "excluded_lines": [], "start_line": 211}, "AgentMemory.get_semantic": {"executed_lines": [], "summary": {"covered_lines": 0, "num_statements": 3, "percent_covered": 0.0, "percent_covered_display": "0", "missing_lines": 3, "excluded_lines": 0, "percent_statements_covered": 0.0, "percent_statements_covered_display": "0"}, "missing_lines": [222, 226, 227], "excluded_lines": [], "start_line": 220}, "AgentMemory.update_working_memory": {"executed_lines": [231], "summary": {"covered_lines": 1, "num_statements": 1, "percent_covered": 100.0, "percent_covered_display": "100", "missing_lines": 0, "excluded_lines": 0, "percent_statements_covered": 100.0, "percent_statements_covered_display": "100"}, "missing_lines": [], "excluded_lines": [], "start_line": 229}, "AgentMemory.get_working_memory": {"executed_lines": [238, 239, 240], "summary": {"covered_lines": 3, "num_statements": 3, "percent_covered": 100.0, "percent_covered_display": "100", "missing_lines": 0, "excluded_lines": 0, "percent_statements_covered": 100.0, "percent_statements_covered_display": "100"}, "missing_lines": [], "excluded_lines": [], "start_line": 236}, "AgentMemory.clear_working_memory": {"executed_lines": [], "summary": {"covered_lines": 0, "num_statements": 1, "percent_covered": 0.0, "percent_covered_display": "0", "missing_lines": 1, "excluded_lines": 0, "percent_statements_covered": 0.0, "percent_statements_covered_display": "0"}, "missing_lines": [247], "excluded_lines": [], "start_line": 245}, "AgentMemory.remember_action": {"executed_lines": [256, 257], "summary": {"covered_lines": 2, "num_statements": 2, "percent_covered": 100.0, "percent_covered_display": "100", "missing_lines": 0, "excluded_lines": 0, "percent_statements_covered": 100.0, "percent_statements_covered_display": "100"}, "missing_lines": [], "excluded_lines": [], "start_line": 249}, "AgentMemory.get_recent_context": {"executed_lines": [], "summary": {"covered_lines": 0, "num_statements": 8, "percent_covered": 0.0, "percent_covered_display": "0", "missing_lines": 8, "excluded_lines": 0, "percent_statements_covered": 0.0, "percent_statements_covered_display": "0"}, "missing_lines": [266, 267, 268, 270, 271, 272, 273, 275], "excluded_lines": [], "start_line": 264}, "AgentMemory._cleanup": {"executed_lines": [], "summary": {"covered_lines": 0, "num_statements": 6, "percent_covered": 0.0, "percent_covered_display": "0", "missing_lines": 6, "excluded_lines": 0, "percent_statements_covered": 0.0, "percent_statements_covered_display": "0"}, "missing_lines": [280, 281, 284, 285, 286, 288], "excluded_lines": [], "start_line": 277}, "AgentMemory._save_memory": {"executed_lines": [292, 293, 299, 311, 312], "summary": {"covered_lines": 5, "num_statements": 7, "percent_covered": 71.42857142857143, "percent_covered_display": "71", "missing_lines": 2, "excluded_lines": 0, "percent_statements_covered": 71.42857142857143, "percent_statements_covered_display": "71"}, "missing_lines": [314, 315], "excluded_lines": [], "start_line": 290}, "AgentMemory._load_memories": {"executed_lines": [319, 320, 321, 323, 324, 325, 326, 328, 329, 330, 331, 332, 334], "summary": {"covered_lines": 13, "num_statements": 15, "percent_covered": 86.66666666666667, "percent_covered_display": "87", "missing_lines": 2, "excluded_lines": 0, "percent_statements_covered": 86.66666666666667, "percent_statements_covered_display": "87"}, "missing_lines": [336, 337], "excluded_lines": [], "start_line": 317}, "AgentMemory.get_stats": {"executed_lines": [341, 342, 343, 348], "summary": {"covered_lines": 4, "num_statements": 4, "percent_covered": 100.0, "percent_covered_display": "100", "missing_lines": 0, "excluded_lines": 0, "percent_statements_covered": 100.0, "percent_statements_covered_display": "100"}, "missing_lines": [], "excluded_lines": [], "start_line": 339}, "get_agent_memory": {"executed_lines": [362, 363, 364], "summary": {"covered_lines": 3, "num_statements": 3, "percent_covered": 100.0, "percent_covered_display": "100", "missing_lines": 0, "excluded_lines": 0, "percent_statements_covered": 100.0, "percent_statements_covered_display": "100"}, "missing_lines": [], "excluded_lines": [], "start_line": 360}, "remember_episodic": {"executed_lines": [373], "summary": {"covered_lines": 1, "num_statements": 1, "percent_covered": 100.0, "percent_covered_display": "100", "missing_lines": 0, "excluded_lines": 0, "percent_statements_covered": 100.0, "percent_statements_covered_display": "100"}, "missing_lines": [], "excluded_lines": [], "start_line": 367}, "remember_fact": {"executed_lines": [384], "summary": {"covered_lines": 1, "num_statements": 1, "percent_covered": 100.0, "percent_covered_display": "100", "missing_lines": 0, "excluded_lines": 0, "percent_statements_covered": 100.0, "percent_statements_covered_display": "100"}, "missing_lines": [], "excluded_lines": [], "start_line": 378}, "recall": {"executed_lines": [395], "summary": {"covered_lines": 1, "num_statements": 1, "percent_covered": 100.0, "percent_covered_display": "100", "missing_lines": 0, "excluded_lines": 0, "percent_statements_covered": 100.0, "percent_statements_covered_display": "100"}, "missing_lines": [], "excluded_lines": [], "start_line": 389}, "": {"executed_lines": [8, 9, 10, 11, 12, 13, 14, 15, 16, 18, 20, 22, 25, 27, 28, 29, 30, 33, 34, 36, 37, 38, 39, 40, 41, 42, 43, 44, 47, 48, 50, 51, 52, 53, 56, 62, 84, 90, 101, 118, 124, 165, 175, 211, 220, 229, 236, 245, 249, 264, 277, 290, 317, 339, 357, 360, 367, 378, 389, 400], "summary": {"covered_lines": 60, "num_statements": 60, "percent_covered": 100.0, "percent_covered_display": "100", "missing_lines": 0, "excluded_lines": 0, "percent_statements_covered": 100.0, "percent_statements_covered_display": "100"}, "missing_lines": [], "excluded_lines": [], "start_line": 1}}, "classes": {"MemoryType": {"executed_lines": [], "summary": {"covered_lines": 0, "num_statements": 0, "percent_covered": 100.0, "percent_covered_display": "100", "missing_lines": 0, "excluded_lines": 0, "percent_statements_covered": 100.0, "percent_statements_covered_display": "100"}, "missing_lines": [], "excluded_lines": [], "start_line": 25}, "Memory": {"executed_lines": [], "summary": {"covered_lines": 0, "num_statements": 0, "percent_covered": 100.0, "percent_covered_display": "100", "missing_lines": 0, "excluded_lines": 0, "percent_statements_covered": 100.0, "percent_statements_covered_display": "100"}, "missing_lines": [], "excluded_lines": [], "start_line": 34}, "MemoryQuery": {"executed_lines": [], "summary": {"covered_lines": 0, "num_statements": 0, "percent_covered": 100.0, "percent_covered_display": "100", "missing_lines": 0, "excluded_lines": 0, "percent_statements_covered": 100.0, "percent_statements_covered_display": "100"}, "missing_lines": [], "excluded_lines": [], "start_line": 48}, "AgentMemory": {"executed_lines": [69, 70, 71, 72, 75, 76, 79, 82, 86, 92, 94, 95, 96, 120, 121, 122, 133, 134, 135, 136, 137, 140, 143, 153, 156, 160, 162, 163, 167, 169, 170, 171, 173, 177, 180, 183, 185, 189, 193, 194, 200, 201, 203, 206, 209, 231, 238, 239, 240, 256, 257, 292, 293, 299, 311, 312, 319, 320, 321, 323, 324, 325, 326, 328, 329, 330, 331, 332, 334, 341, 342, 343, 348], "summary": {"covered_lines": 73, "num_statements": 112, "percent_covered": 65.17857142857143, "percent_covered_display": "65", "missing_lines": 39, "excluded_lines": 0, "percent_statements_covered": 65.17857142857143, "percent_statements_covered_display": "65"}, "missing_lines": [99, 103, 104, 106, 107, 108, 109, 112, 113, 114, 116, 157, 186, 190, 213, 217, 218, 222, 226, 227, 247, 266, 267, 268, 270, 271, 272, 273, 275, 280, 281, 284, 285, 286, 288, 314, 315, 336, 337], "excluded_lines": [], "start_line": 56}, "": {"executed_lines": [8, 9, 10, 11, 12, 13, 14, 15, 16, 18, 20, 22, 25, 27, 28, 29, 30, 33, 34, 36, 37, 38, 39, 40, 41, 42, 43, 44, 47, 48, 50, 51, 52, 53, 56, 62, 84, 90, 101, 118, 124, 165, 175, 211, 220, 229, 236, 245, 249, 264, 277, 290, 317, 339, 357, 360, 362, 363, 364, 367, 373, 378, 384, 389, 395, 400], "summary": {"covered_lines": 66, "num_statements": 66, "percent_covered": 100.0, "percent_covered_display": "100", "missing_lines": 0, "excluded_lines": 0, "percent_statements_covered": 100.0, "percent_statements_covered_display": "100"}, "missing_lines": [], "excluded_lines": [], "start_line": 1}}}, "core/agent_state.py": {"executed_lines": [], "summary": {"covered_lines": 0, "num_statements": 202, "percent_covered": 0.0, "percent_covered_display": "0", "missing_lines": 202, "excluded_lines": 0, "percent_statements_covered": 0.0, "percent_statements_covered_display": "0"}, "missing_lines": [7, 8, 9, 10, 11, 12, 13, 14, 15, 17, 19, 22, 24, 25, 26, 27, 28, 29, 32, 33, 35, 36, 37, 38, 39, 42, 43, 45, 46, 47, 48, 49, 50, 51, 52, 53, 54, 55, 56, 57, 60, 72, 78, 79, 80, 83, 84, 85, 88, 91, 93, 100, 101, 102, 103, 105, 121, 122, 125, 127, 128, 130, 132, 134, 144, 145, 146, 147, 149, 150, 151, 152, 153, 154, 155, 156, 159, 160, 161, 163, 165, 167, 169, 170, 171, 172, 173, 175, 177, 178, 179, 180, 181, 183, 185, 186, 187, 188, 190, 198, 199, 201, 204, 205, 208, 210, 212, 218, 219, 220, 221, 224, 225, 227, 229, 230, 233, 234, 235, 236, 237, 238, 240, 241, 243, 245, 246, 255, 257, 258, 259, 262, 263, 264, 267, 269, 270, 272, 274, 275, 276, 278, 280, 282, 283, 284, 285, 286, 287, 288, 289, 291, 293, 294, 295, 296, 297, 298, 300, 302, 303, 307, 308, 309, 310, 312, 314, 315, 316, 317, 320, 321, 322, 323, 325, 327, 328, 329, 330, 331, 332, 333, 334, 335, 336, 338, 340, 341, 343, 345, 353, 356, 359, 360, 361, 364, 366, 369, 371, 374, 376, 379], "excluded_lines": [], "functions": {"AgentStateManager.__init__": {"executed_lines": [], "summary": {"covered_lines": 0, "num_statements": 8, "percent_covered": 0.0, "percent_covered_display": "0", "missing_lines": 8, "excluded_lines": 0, "percent_statements_covered": 0.0, "percent_statements_covered_display": "0"}, "missing_lines": [78, 79, 80, 83, 84, 85, 88, 91], "excluded_lines": [], "start_line": 72}, "AgentStateManager.create_agent": {"executed_lines": [], "summary": {"covered_lines": 0, "num_statements": 10, "percent_covered": 0.0, "percent_covered_display": "0", "missing_lines": 10, "excluded_lines": 0, "percent_statements_covered": 0.0, "percent_statements_covered_display": "0"}, "missing_lines": [100, 101, 102, 103, 105, 121, 122, 125, 127, 128], "excluded_lines": [], "start_line": 93}, "AgentStateManager.get_state": {"executed_lines": [], "summary": {"covered_lines": 0, "num_statements": 1, "percent_covered": 0.0, "percent_covered_display": "0", "missing_lines": 1, "excluded_lines": 0, "percent_statements_covered": 0.0, "percent_statements_covered_display": "0"}, "missing_lines": [132], "excluded_lines": [], "start_line": 130}, "AgentStateManager.update_state": {"executed_lines": [], "summary": {"covered_lines": 0, "num_statements": 17, "percent_covered": 0.0, "percent_covered_display": "0", "missing_lines": 17, "excluded_lines": 0, "percent_statements_covered": 0.0, "percent_statements_covered_display": "0"}, "missing_lines": [144, 145, 146, 147, 149, 150, 151, 152, 153, 154, 155, 156, 159, 160, 161, 163, 165], "excluded_lines": [], "start_line": 134}, "AgentStateManager.record_success": {"executed_lines": [], "summary": {"covered_lines": 0, "num_statements": 5, "percent_covered": 0.0, "percent_covered_display": "0", "missing_lines": 5, "excluded_lines": 0, "percent_statements_covered": 0.0, "percent_statements_covered_display": "0"}, "missing_lines": [169, 170, 171, 172, 173], "excluded_lines": [], "start_line": 167}, "AgentStateManager.record_error": {"executed_lines": [], "summary": {"covered_lines": 0, "num_statements": 5, "percent_covered": 0.0, "percent_covered_display": "0", "missing_lines": 5, "excluded_lines": 0, "percent_statements_covered": 0.0, "percent_statements_covered_display": "0"}, "missing_lines": [177, 178, 179, 180, 181], "excluded_lines": [], "start_line": 175}, "AgentStateManager.create_checkpoint": {"executed_lines": [], "summary": {"covered_lines": 0, "num_statements": 12, "percent_covered": 0.0, "percent_covered_display": "0", "missing_lines": 12, "excluded_lines": 0, "percent_statements_covered": 0.0, "percent_statements_covered_display": "0"}, "missing_lines": [185, 186, 187, 188, 190, 198, 199, 201, 204, 205, 208, 210], "excluded_lines": [], "start_line": 183}, "AgentStateManager.restore_checkpoint": {"executed_lines": [], "summary": {"covered_lines": 0, "num_statements": 17, "percent_covered": 0.0, "percent_covered_display": "0", "missing_lines": 17, "excluded_lines": 0, "percent_statements_covered": 0.0, "percent_statements_covered_display": "0"}, "missing_lines": [218, 219, 220, 221, 224, 225, 227, 229, 230, 233, 234, 235, 236, 237, 238, 240, 241], "excluded_lines": [], "start_line": 212}, "AgentStateManager.list_checkpoints": {"executed_lines": [], "summary": {"covered_lines": 0, "num_statements": 2, "percent_covered": 0.0, "percent_covered_display": "0", "missing_lines": 2, "excluded_lines": 0, "percent_statements_covered": 0.0, "percent_statements_covered_display": "0"}, "missing_lines": [245, 246], "excluded_lines": [], "start_line": 243}, "AgentStateManager.delete_agent": {"executed_lines": [], "summary": {"covered_lines": 0, "num_statements": 9, "percent_covered": 0.0, "percent_covered_display": "0", "missing_lines": 9, "excluded_lines": 0, "percent_statements_covered": 0.0, "percent_statements_covered_display": "0"}, "missing_lines": [257, 258, 259, 262, 263, 264, 267, 269, 270], "excluded_lines": [], "start_line": 255}, "AgentStateManager.export_state": {"executed_lines": [], "summary": {"covered_lines": 0, "num_statements": 4, "percent_covered": 0.0, "percent_covered_display": "0", "missing_lines": 4, "excluded_lines": 0, "percent_statements_covered": 0.0, "percent_statements_covered_display": "0"}, "missing_lines": [274, 275, 276, 278], "excluded_lines": [], "start_line": 272}, "AgentStateManager.import_state": {"executed_lines": [], "summary": {"covered_lines": 0, "num_statements": 8, "percent_covered": 0.0, "percent_covered_display": "0", "missing_lines": 8, "excluded_lines": 0, "percent_statements_covered": 0.0, "percent_statements_covered_display": "0"}, "missing_lines": [282, 283, 284, 285, 286, 287, 288, 289], "excluded_lines": [], "start_line": 280}, "AgentStateManager._save_state": {"executed_lines": [], "summary": {"covered_lines": 0, "num_statements": 6, "percent_covered": 0.0, "percent_covered_display": "0", "missing_lines": 6, "excluded_lines": 0, "percent_statements_covered": 0.0, "percent_statements_covered_display": "0"}, "missing_lines": [293, 294, 295, 296, 297, 298], "excluded_lines": [], "start_line": 291}, "AgentStateManager._save_checkpoint": {"executed_lines": [], "summary": {"covered_lines": 0, "num_statements": 6, "percent_covered": 0.0, "percent_covered_display": "0", "missing_lines": 6, "excluded_lines": 0, "percent_statements_covered": 0.0, "percent_statements_covered_display": "0"}, "missing_lines": [302, 303, 307, 308, 309, 310], "excluded_lines": [], "start_line": 300}, "AgentStateManager._delete_state_file": {"executed_lines": [], "summary": {"covered_lines": 0, "num_statements": 8, "percent_covered": 0.0, "percent_covered_display": "0", "missing_lines": 8, "excluded_lines": 0, "percent_statements_covered": 0.0, "percent_statements_covered_display": "0"}, "missing_lines": [314, 315, 316, 317, 320, 321, 322, 323], "excluded_lines": [], "start_line": 312}, "AgentStateManager._load_all_states": {"executed_lines": [], "summary": {"covered_lines": 0, "num_statements": 13, "percent_covered": 0.0, "percent_covered_display": "0", "missing_lines": 13, "excluded_lines": 0, "percent_statements_covered": 0.0, "percent_statements_covered_display": "0"}, "missing_lines": [327, 328, 329, 330, 331, 332, 333, 334, 335, 336, 338, 340, 341], "excluded_lines": [], "start_line": 325}, "AgentStateManager.get_stats": {"executed_lines": [], "summary": {"covered_lines": 0, "num_statements": 1, "percent_covered": 0.0, "percent_covered_display": "0", "missing_lines": 1, "excluded_lines": 0, "percent_statements_covered": 0.0, "percent_statements_covered_display": "0"}, "missing_lines": [345], "excluded_lines": [], "start_line": 343}, "get_state_manager": {"executed_lines": [], "summary": {"covered_lines": 0, "num_statements": 3, "percent_covered": 0.0, "percent_covered_display": "0", "missing_lines": 3, "excluded_lines": 0, "percent_statements_covered": 0.0, "percent_statements_covered_display": "0"}, "missing_lines": [359, 360, 361], "excluded_lines": [], "start_line": 356}, "create_agent": {"executed_lines": [], "summary": {"covered_lines": 0, "num_statements": 1, "percent_covered": 0.0, "percent_covered_display": "0", "missing_lines": 1, "excluded_lines": 0, "percent_statements_covered": 0.0, "percent_statements_covered_display": "0"}, "missing_lines": [366], "excluded_lines": [], "start_line": 364}, "save_checkpoint": {"executed_lines": [], "summary": {"covered_lines": 0, "num_statements": 1, "percent_covered": 0.0, "percent_covered_display": "0", "missing_lines": 1, "excluded_lines": 0, "percent_statements_covered": 0.0, "percent_statements_covered_display": "0"}, "missing_lines": [371], "excluded_lines": [], "start_line": 369}, "restore_agent": {"executed_lines": [], "summary": {"covered_lines": 0, "num_statements": 1, "percent_covered": 0.0, "percent_covered_display": "0", "missing_lines": 1, "excluded_lines": 0, "percent_statements_covered": 0.0, "percent_statements_covered_display": "0"}, "missing_lines": [376], "excluded_lines": [], "start_line": 374}, "": {"executed_lines": [], "summary": {"covered_lines": 0, "num_statements": 64, "percent_covered": 0.0, "percent_covered_display": "0", "missing_lines": 64, "excluded_lines": 0, "percent_statements_covered": 0.0, "percent_statements_covered_display": "0"}, "missing_lines": [7, 8, 9, 10, 11, 12, 13, 14, 15, 17, 19, 22, 24, 25, 26, 27, 28, 29, 32, 33, 35, 36, 37, 38, 39, 42, 43, 45, 46, 47, 48, 49, 50, 51, 52, 53, 54, 55, 56, 57, 60, 72, 93, 130, 134, 167, 175, 183, 212, 243, 255, 272, 280, 291, 300, 312, 325, 343, 353, 356, 364, 369, 374, 379], "excluded_lines": [], "start_line": 1}}, "classes": {"AgentStatus": {"executed_lines": [], "summary": {"covered_lines": 0, "num_statements": 0, "percent_covered": 100.0, "percent_covered_display": "100", "missing_lines": 0, "excluded_lines": 0, "percent_statements_covered": 100.0, "percent_statements_covered_display": "100"}, "missing_lines": [], "excluded_lines": [], "start_line": 22}, "AgentCheckpoint": {"executed_lines": [], "summary": {"covered_lines": 0, "num_statements": 0, "percent_covered": 100.0, "percent_covered_display": "100", "missing_lines": 0, "excluded_lines": 0, "percent_statements_covered": 100.0, "percent_statements_covered_display": "100"}, "missing_lines": [], "excluded_lines": [], "start_line": 33}, "AgentState": {"executed_lines": [], "summary": {"covered_lines": 0, "num_statements": 0, "percent_covered": 100.0, "percent_covered_display": "100", "missing_lines": 0, "excluded_lines": 0, "percent_statements_covered": 100.0, "percent_statements_covered_display": "100"}, "missing_lines": [], "excluded_lines": [], "start_line": 43}, "AgentStateManager": {"executed_lines": [], "summary": {"covered_lines": 0, "num_statements": 132, "percent_covered": 0.0, "percent_covered_display": "0", "missing_lines": 132, "excluded_lines": 0, "percent_statements_covered": 0.0, "percent_statements_covered_display": "0"}, "missing_lines": [78, 79, 80, 83, 84, 85, 88, 91, 100, 101, 102, 103, 105, 121, 122, 125, 127, 128, 132, 144, 145, 146, 147, 149, 150, 151, 152, 153, 154, 155, 156, 159, 160, 161, 163, 165, 169, 170, 171, 172, 173, 177, 178, 179, 180, 181, 185, 186, 187, 188, 190, 198, 199, 201, 204, 205, 208, 210, 218, 219, 220, 221, 224, 225, 227, 229, 230, 233, 234, 235, 236, 237, 238, 240, 241, 245, 246, 257, 258, 259, 262, 263, 264, 267, 269, 270, 274, 275, 276, 278, 282, 283, 284, 285, 286, 287, 288, 289, 293, 294, 295, 296, 297, 298, 302, 303, 307, 308, 309, 310, 314, 315, 316, 317, 320, 321, 322, 323, 327, 328, 329, 330, 331, 332, 333, 334, 335, 336, 338, 340, 341, 345], "excluded_lines": [], "start_line": 60}, "": {"executed_lines": [], "summary": {"covered_lines": 0, "num_statements": 70, "percent_covered": 0.0, "percent_covered_display": "0", "missing_lines": 70, "excluded_lines": 0, "percent_statements_covered": 0.0, "percent_statements_covered_display": "0"}, "missing_lines": [7, 8, 9, 10, 11, 12, 13, 14, 15, 17, 19, 22, 24, 25, 26, 27, 28, 29, 32, 33, 35, 36, 37, 38, 39, 42, 43, 45, 46, 47, 48, 49, 50, 51, 52, 53, 54, 55, 56, 57, 60, 72, 93, 130, 134, 167, 175, 183, 212, 243, 255, 272, 280, 291, 300, 312, 325, 343, 353, 356, 359, 360, 361, 364, 366, 369, 371, 374, 376, 379], "excluded_lines": [], "start_line": 1}}}, "core/agent_tools.py": {"executed_lines": [], "summary": {"covered_lines": 0, "num_statements": 134, "percent_covered": 0.0, "percent_covered_display": "0", "missing_lines": 134, "excluded_lines": 0, "percent_statements_covered": 0.0, "percent_statements_covered_display": "0"}, "missing_lines": [8, 9, 10, 11, 12, 13, 15, 17, 20, 22, 23, 24, 27, 28, 30, 31, 32, 33, 34, 35, 38, 39, 41, 42, 43, 44, 45, 47, 48, 50, 52, 53, 54, 55, 61, 62, 63, 71, 74, 75, 77, 79, 80, 82, 89, 94, 96, 98, 100, 102, 111, 113, 114, 115, 120, 122, 124, 125, 126, 127, 132, 134, 136, 138, 139, 140, 142, 149, 151, 153, 155, 156, 158, 165, 167, 169, 171, 172, 174, 181, 183, 185, 187, 188, 190, 197, 199, 201, 203, 205, 206, 208, 210, 211, 213, 220, 222, 224, 226, 228, 229, 230, 232, 241, 248, 250, 252, 254, 255, 257, 264, 266, 268, 270, 271, 273, 281, 284, 287, 288, 290, 291, 292, 293, 294, 295, 296, 297, 298, 301, 303, 306, 308, 311], "excluded_lines": [], "functions": {"Tool.__post_init__": {"executed_lines": [], "summary": {"covered_lines": 0, "num_statements": 1, "percent_covered": 0.0, "percent_covered_display": "0", "missing_lines": 1, "excluded_lines": 0, "percent_statements_covered": 0.0, "percent_statements_covered_display": "0"}, "missing_lines": [48], "excluded_lines": [], "start_line": 47}, "Tool.run": {"executed_lines": [], "summary": {"covered_lines": 0, "num_statements": 7, "percent_covered": 0.0, "percent_covered_display": "0", "missing_lines": 7, "excluded_lines": 0, "percent_statements_covered": 0.0, "percent_statements_covered_display": "0"}, "missing_lines": [52, 53, 54, 55, 61, 62, 63], "excluded_lines": [], "start_line": 50}, "ToolRegistry.__init__": {"executed_lines": [], "summary": {"covered_lines": 0, "num_statements": 1, "percent_covered": 0.0, "percent_covered_display": "0", "missing_lines": 1, "excluded_lines": 0, "percent_statements_covered": 0.0, "percent_statements_covered_display": "0"}, "missing_lines": [75], "excluded_lines": [], "start_line": 74}, "ToolRegistry.register": {"executed_lines": [], "summary": {"covered_lines": 0, "num_statements": 2, "percent_covered": 0.0, "percent_covered_display": "0", "missing_lines": 2, "excluded_lines": 0, "percent_statements_covered": 0.0, "percent_statements_covered_display": "0"}, "missing_lines": [79, 80], "excluded_lines": [], "start_line": 77}, "ToolRegistry.register_function": {"executed_lines": [], "summary": {"covered_lines": 0, "num_statements": 2, "percent_covered": 0.0, "percent_covered_display": "0", "missing_lines": 2, "excluded_lines": 0, "percent_statements_covered": 0.0, "percent_statements_covered_display": "0"}, "missing_lines": [89, 94], "excluded_lines": [], "start_line": 82}, "ToolRegistry.get": {"executed_lines": [], "summary": {"covered_lines": 0, "num_statements": 1, "percent_covered": 0.0, "percent_covered_display": "0", "missing_lines": 1, "excluded_lines": 0, "percent_statements_covered": 0.0, "percent_statements_covered_display": "0"}, "missing_lines": [98], "excluded_lines": [], "start_line": 96}, "ToolRegistry.list_tools": {"executed_lines": [], "summary": {"covered_lines": 0, "num_statements": 1, "percent_covered": 0.0, "percent_covered_display": "0", "missing_lines": 1, "excluded_lines": 0, "percent_statements_covered": 0.0, "percent_statements_covered_display": "0"}, "missing_lines": [102], "excluded_lines": [], "start_line": 100}, "ToolRegistry.execute": {"executed_lines": [], "summary": {"covered_lines": 0, "num_statements": 4, "percent_covered": 0.0, "percent_covered_display": "0", "missing_lines": 4, "excluded_lines": 0, "percent_statements_covered": 0.0, "percent_statements_covered_display": "0"}, "missing_lines": [113, 114, 115, 120], "excluded_lines": [], "start_line": 111}, "ToolRegistry.remove": {"executed_lines": [], "summary": {"covered_lines": 0, "num_statements": 4, "percent_covered": 0.0, "percent_covered_display": "0", "missing_lines": 4, "excluded_lines": 0, "percent_statements_covered": 0.0, "percent_statements_covered_display": "0"}, "missing_lines": [124, 125, 126, 127], "excluded_lines": [], "start_line": 122}, "create_screen_capture_tool": {"executed_lines": [], "summary": {"covered_lines": 0, "num_statements": 3, "percent_covered": 0.0, "percent_covered_display": "0", "missing_lines": 3, "excluded_lines": 0, "percent_statements_covered": 0.0, "percent_statements_covered_display": "0"}, "missing_lines": [134, 136, 142], "excluded_lines": [], "start_line": 132}, "create_screen_capture_tool.capture_full": {"executed_lines": [], "summary": {"covered_lines": 0, "num_statements": 3, "percent_covered": 0.0, "percent_covered_display": "0", "missing_lines": 3, "excluded_lines": 0, "percent_statements_covered": 0.0, "percent_statements_covered_display": "0"}, "missing_lines": [138, 139, 140], "excluded_lines": [], "start_line": 136}, "create_click_tool": {"executed_lines": [], "summary": {"covered_lines": 0, "num_statements": 3, "percent_covered": 0.0, "percent_covered_display": "0", "missing_lines": 3, "excluded_lines": 0, "percent_statements_covered": 0.0, "percent_statements_covered_display": "0"}, "missing_lines": [151, 153, 158], "excluded_lines": [], "start_line": 149}, "create_click_tool.click_at": {"executed_lines": [], "summary": {"covered_lines": 0, "num_statements": 2, "percent_covered": 0.0, "percent_covered_display": "0", "missing_lines": 2, "excluded_lines": 0, "percent_statements_covered": 0.0, "percent_statements_covered_display": "0"}, "missing_lines": [155, 156], "excluded_lines": [], "start_line": 153}, "create_type_tool": {"executed_lines": [], "summary": {"covered_lines": 0, "num_statements": 3, "percent_covered": 0.0, "percent_covered_display": "0", "missing_lines": 3, "excluded_lines": 0, "percent_statements_covered": 0.0, "percent_statements_covered_display": "0"}, "missing_lines": [167, 169, 174], "excluded_lines": [], "start_line": 165}, "create_type_tool.type_text_tool": {"executed_lines": [], "summary": {"covered_lines": 0, "num_statements": 2, "percent_covered": 0.0, "percent_covered_display": "0", "missing_lines": 2, "excluded_lines": 0, "percent_statements_covered": 0.0, "percent_statements_covered_display": "0"}, "missing_lines": [171, 172], "excluded_lines": [], "start_line": 169}, "create_press_key_tool": {"executed_lines": [], "summary": {"covered_lines": 0, "num_statements": 3, "percent_covered": 0.0, "percent_covered_display": "0", "missing_lines": 3, "excluded_lines": 0, "percent_statements_covered": 0.0, "percent_statements_covered_display": "0"}, "missing_lines": [183, 185, 190], "excluded_lines": [], "start_line": 181}, "create_press_key_tool.press_key": {"executed_lines": [], "summary": {"covered_lines": 0, "num_statements": 2, "percent_covered": 0.0, "percent_covered_display": "0", "missing_lines": 2, "excluded_lines": 0, "percent_statements_covered": 0.0, "percent_statements_covered_display": "0"}, "missing_lines": [187, 188], "excluded_lines": [], "start_line": 185}, "create_ocr_tool": {"executed_lines": [], "summary": {"covered_lines": 0, "num_statements": 3, "percent_covered": 0.0, "percent_covered_display": "0", "missing_lines": 3, "excluded_lines": 0, "percent_statements_covered": 0.0, "percent_statements_covered_display": "0"}, "missing_lines": [199, 201, 213], "excluded_lines": [], "start_line": 197}, "create_ocr_tool.extract_text": {"executed_lines": [], "summary": {"covered_lines": 0, "num_statements": 6, "percent_covered": 0.0, "percent_covered_display": "0", "missing_lines": 6, "excluded_lines": 0, "percent_statements_covered": 0.0, "percent_statements_covered_display": "0"}, "missing_lines": [203, 205, 206, 208, 210, 211], "excluded_lines": [], "start_line": 201}, "create_vision_detect_tool": {"executed_lines": [], "summary": {"covered_lines": 0, "num_statements": 3, "percent_covered": 0.0, "percent_covered_display": "0", "missing_lines": 3, "excluded_lines": 0, "percent_statements_covered": 0.0, "percent_statements_covered_display": "0"}, "missing_lines": [222, 224, 241], "excluded_lines": [], "start_line": 220}, "create_vision_detect_tool.detect_objects": {"executed_lines": [], "summary": {"covered_lines": 0, "num_statements": 5, "percent_covered": 0.0, "percent_covered_display": "0", "missing_lines": 5, "excluded_lines": 0, "percent_statements_covered": 0.0, "percent_statements_covered_display": "0"}, "missing_lines": [226, 228, 229, 230, 232], "excluded_lines": [], "start_line": 224}, "create_wait_tool": {"executed_lines": [], "summary": {"covered_lines": 0, "num_statements": 3, "percent_covered": 0.0, "percent_covered_display": "0", "missing_lines": 3, "excluded_lines": 0, "percent_statements_covered": 0.0, "percent_statements_covered_display": "0"}, "missing_lines": [250, 252, 257], "excluded_lines": [], "start_line": 248}, "create_wait_tool.wait_tool": {"executed_lines": [], "summary": {"covered_lines": 0, "num_statements": 2, "percent_covered": 0.0, "percent_covered_display": "0", "missing_lines": 2, "excluded_lines": 0, "percent_statements_covered": 0.0, "percent_statements_covered_display": "0"}, "missing_lines": [254, 255], "excluded_lines": [], "start_line": 252}, "create_get_screen_size_tool": {"executed_lines": [], "summary": {"covered_lines": 0, "num_statements": 3, "percent_covered": 0.0, "percent_covered_display": "0", "missing_lines": 3, "excluded_lines": 0, "percent_statements_covered": 0.0, "percent_statements_covered_display": "0"}, "missing_lines": [266, 268, 273], "excluded_lines": [], "start_line": 264}, "create_get_screen_size_tool.get_size": {"executed_lines": [], "summary": {"covered_lines": 0, "num_statements": 2, "percent_covered": 0.0, "percent_covered_display": "0", "missing_lines": 2, "excluded_lines": 0, "percent_statements_covered": 0.0, "percent_statements_covered_display": "0"}, "missing_lines": [270, 271], "excluded_lines": [], "start_line": 268}, "get_tool_registry": {"executed_lines": [], "summary": {"covered_lines": 0, "num_statements": 11, "percent_covered": 0.0, "percent_covered_display": "0", "missing_lines": 11, "excluded_lines": 0, "percent_statements_covered": 0.0, "percent_statements_covered_display": "0"}, "missing_lines": [287, 288, 290, 291, 292, 293, 294, 295, 296, 297, 298], "excluded_lines": [], "start_line": 284}, "register_tool": {"executed_lines": [], "summary": {"covered_lines": 0, "num_statements": 1, "percent_covered": 0.0, "percent_covered_display": "0", "missing_lines": 1, "excluded_lines": 0, "percent_statements_covered": 0.0, "percent_statements_covered_display": "0"}, "missing_lines": [303], "excluded_lines": [], "start_line": 301}, "execute_tool": {"executed_lines": [], "summary": {"covered_lines": 0, "num_statements": 1, "percent_covered": 0.0, "percent_covered_display": "0", "missing_lines": 1, "excluded_lines": 0, "percent_statements_covered": 0.0, "percent_statements_covered_display": "0"}, "missing_lines": [308], "excluded_lines": [], "start_line": 306}, "": {"executed_lines": [], "summary": {"covered_lines": 0, "num_statements": 50, "percent_covered": 0.0, "percent_covered_display": "0", "missing_lines": 50, "excluded_lines": 0, "percent_statements_covered": 0.0, "percent_statements_covered_display": "0"}, "missing_lines": [8, 9, 10, 11, 12, 13, 15, 17, 20, 22, 23, 24, 27, 28, 30, 31, 32, 33, 34, 35, 38, 39, 41, 42, 43, 44, 45, 47, 50, 71, 74, 77, 82, 96, 100, 111, 122, 132, 149, 165, 181, 197, 220, 248, 264, 281, 284, 301, 306, 311], "excluded_lines": [], "start_line": 1}}, "classes": {"ToolCallStatus": {"executed_lines": [], "summary": {"covered_lines": 0, "num_statements": 0, "percent_covered": 100.0, "percent_covered_display": "100", "missing_lines": 0, "excluded_lines": 0, "percent_statements_covered": 100.0, "percent_statements_covered_display": "100"}, "missing_lines": [], "excluded_lines": [], "start_line": 20}, "ToolResult": {"executed_lines": [], "summary": {"covered_lines": 0, "num_statements": 0, "percent_covered": 100.0, "percent_covered_display": "100", "missing_lines": 0, "excluded_lines": 0, "percent_statements_covered": 100.0, "percent_statements_covered_display": "100"}, "missing_lines": [], "excluded_lines": [], "start_line": 28}, "Tool": {"executed_lines": [], "summary": {"covered_lines": 0, "num_statements": 8, "percent_covered": 0.0, "percent_covered_display": "0", "missing_lines": 8, "excluded_lines": 0, "percent_statements_covered": 0.0, "percent_statements_covered_display": "0"}, "missing_lines": [48, 52, 53, 54, 55, 61, 62, 63], "excluded_lines": [], "start_line": 39}, "ToolRegistry": {"executed_lines": [], "summary": {"covered_lines": 0, "num_statements": 15, "percent_covered": 0.0, "percent_covered_display": "0", "missing_lines": 15, "excluded_lines": 0, "percent_statements_covered": 0.0, "percent_statements_covered_display": "0"}, "missing_lines": [75, 79, 80, 89, 94, 98, 102, 113, 114, 115, 120, 124, 125, 126, 127], "excluded_lines": [], "start_line": 71}, "": {"executed_lines": [], "summary": {"covered_lines": 0, "num_statements": 111, "percent_covered": 0.0, "percent_covered_display": "0", "missing_lines": 111, "excluded_lines": 0, "percent_statements_covered": 0.0, "percent_statements_covered_display": "0"}, "missing_lines": [8, 9, 10, 11, 12, 13, 15, 17, 20, 22, 23, 24, 27, 28, 30, 31, 32, 33, 34, 35, 38, 39, 41, 42, 43, 44, 45, 47, 50, 71, 74, 77, 82, 96, 100, 111, 122, 132, 134, 136, 138, 139, 140, 142, 149, 151, 153, 155, 156, 158, 165, 167, 169, 171, 172, 174, 181, 183, 185, 187, 188, 190, 197, 199, 201, 203, 205, 206, 208, 210, 211, 213, 220, 222, 224, 226, 228, 229, 230, 232, 241, 248, 250, 252, 254, 255, 257, 264, 266, 268, 270, 271, 273, 281, 284, 287, 288, 290, 291, 292, 293, 294, 295, 296, 297, 298, 301, 303, 306, 308, 311], "excluded_lines": [], "start_line": 1}}}, "core/ai.py": {"executed_lines": [], "summary": {"covered_lines": 0, "num_statements": 330, "percent_covered": 0.0, "percent_covered_display": "0", "missing_lines": 330, "excluded_lines": 0, "percent_statements_covered": 0.0, "percent_statements_covered_display": "0"}, "missing_lines": [8, 9, 10, 11, 12, 13, 14, 15, 17, 20, 22, 23, 24, 27, 28, 30, 31, 32, 33, 34, 37, 38, 40, 41, 42, 43, 44, 45, 46, 49, 55, 56, 57, 58, 59, 61, 63, 64, 65, 67, 69, 70, 71, 72, 73, 74, 75, 76, 77, 78, 79, 80, 81, 82, 85, 86, 87, 88, 89, 91, 92, 94, 97, 99, 100, 101, 102, 105, 106, 107, 108, 110, 112, 115, 116, 119, 120, 121, 122, 123, 124, 125, 126, 127, 128, 129, 130, 131, 132, 133, 134, 135, 136, 137, 138, 140, 141, 143, 145, 153, 156, 157, 158, 159, 160, 161, 162, 163, 164, 165, 166, 167, 168, 169, 172, 173, 174, 175, 176, 177, 180, 181, 183, 185, 188, 189, 192, 194, 200, 203, 204, 206, 208, 214, 217, 218, 219, 222, 230, 231, 232, 234, 236, 241, 243, 245, 250, 252, 257, 258, 259, 260, 261, 263, 264, 265, 266, 267, 270, 271, 272, 273, 274, 276, 278, 281, 284, 285, 287, 292, 295, 298, 299, 300, 301, 304, 305, 306, 308, 313, 315, 317, 318, 319, 320, 321, 322, 325, 326, 327, 328, 330, 332, 338, 340, 345, 347, 350, 351, 352, 355, 356, 357, 358, 359, 360, 361, 363, 365, 367, 370, 371, 372, 380, 381, 382, 383, 384, 385, 387, 389, 391, 392, 393, 394, 396, 398, 399, 400, 401, 403, 405, 406, 409, 411, 413, 415, 422, 423, 424, 425, 426, 427, 428, 429, 430, 431, 432, 433, 434, 435, 436, 437, 440, 441, 443, 445, 447, 448, 451, 453, 454, 455, 464, 466, 467, 474, 477, 479, 480, 481, 483, 485, 518, 520, 526, 528, 530, 531, 532, 534, 541, 542, 544, 546, 548, 555, 556, 558, 560, 563, 569, 570, 571, 572, 573, 575, 577, 578, 580, 582, 583, 586, 589, 592, 593, 595, 600, 602, 603, 609, 610, 611, 617, 622, 624, 626, 628, 629, 630, 631, 632, 633, 634, 635, 638, 645, 652, 653, 656], "excluded_lines": [], "functions": {"NLPParser.__init__": {"executed_lines": [], "summary": {"covered_lines": 0, "num_statements": 4, "percent_covered": 0.0, "percent_covered_display": "0", "missing_lines": 4, "excluded_lines": 0, "percent_statements_covered": 0.0, "percent_statements_covered_display": "0"}, "missing_lines": [56, 57, 58, 59], "excluded_lines": [], "start_line": 55}, "NLPParser.initialize": {"executed_lines": [], "summary": {"covered_lines": 0, "num_statements": 3, "percent_covered": 0.0, "percent_covered_display": "0", "missing_lines": 3, "excluded_lines": 0, "percent_statements_covered": 0.0, "percent_statements_covered_display": "0"}, "missing_lines": [63, 64, 65], "excluded_lines": [], "start_line": 61}, "NLPParser._initialize_llm": {"executed_lines": [], "summary": {"covered_lines": 0, "num_statements": 21, "percent_covered": 0.0, "percent_covered_display": "0", "missing_lines": 21, "excluded_lines": 0, "percent_statements_covered": 0.0, "percent_statements_covered_display": "0"}, "missing_lines": [69, 70, 71, 72, 73, 74, 75, 76, 77, 78, 79, 80, 81, 82, 85, 86, 87, 88, 89, 91, 92], "excluded_lines": [], "start_line": 67}, "NLPParser.parse": {"executed_lines": [], "summary": {"covered_lines": 0, "num_statements": 9, "percent_covered": 0.0, "percent_covered_display": "0", "missing_lines": 9, "excluded_lines": 0, "percent_statements_covered": 0.0, "percent_statements_covered_display": "0"}, "missing_lines": [97, 99, 100, 101, 102, 105, 106, 107, 108], "excluded_lines": [], "start_line": 94}, "NLPParser._parse_pattern": {"executed_lines": [], "summary": {"covered_lines": 0, "num_statements": 27, "percent_covered": 0.0, "percent_covered_display": "0", "missing_lines": 27, "excluded_lines": 0, "percent_statements_covered": 0.0, "percent_statements_covered_display": "0"}, "missing_lines": [112, 115, 116, 119, 120, 121, 122, 123, 124, 125, 126, 127, 128, 129, 130, 131, 132, 133, 134, 135, 136, 137, 138, 140, 141, 143, 145], "excluded_lines": [], "start_line": 110}, "NLPParser._detect_intent": {"executed_lines": [], "summary": {"covered_lines": 0, "
[...]
issing_lines": 34, "excluded_lines": 0, "percent_statements_covered": 0.0, "percent_statements_covered_display": "0"}, "missing_lines": [17, 19, 21, 28, 29, 30, 31, 32, 33, 36, 37, 38, 39, 40, 41, 42, 43, 45, 47, 55, 56, 59, 60, 61, 62, 63, 64, 71, 72, 75, 76, 84, 89, 90], "excluded_lines": [], "start_line": 11}, "RegionSelector": {"executed_lines": [], "summary": {"covered_lines": 0, "num_statements": 48, "percent_covered": 0.0, "percent_covered_display": "0", "missing_lines": 48, "excluded_lines": 0, "percent_statements_covered": 0.0, "percent_statements_covered_display": "0"}, "missing_lines": [99, 100, 102, 104, 105, 106, 107, 108, 110, 111, 113, 120, 122, 129, 137, 138, 139, 141, 142, 143, 151, 152, 153, 154, 156, 157, 158, 159, 161, 162, 163, 164, 166, 167, 169, 171, 172, 173, 174, 175, 176, 178, 179, 181, 182, 184, 185, 186], "excluded_lines": [], "start_line": 93}, "ScreenRecorder": {"executed_lines": [], "summary": {"covered_lines": 0, "num_statements": 9, "percent_covered": 0.0, "percent_covered_display": "0", "missing_lines": 9, "excluded_lines": 0, "percent_statements_covered": 0.0, "percent_statements_covered_display": "0"}, "missing_lines": [199, 200, 202, 204, 205, 206, 208, 209, 211], "excluded_lines": [], "start_line": 189}, "": {"executed_lines": [3, 4, 5, 6, 8, 11, 14, 15, 86, 87, 93, 96, 97, 189, 192, 193, 215, 226], "summary": {"covered_lines": 18, "num_statements": 18, "percent_covered": 100.0, "percent_covered_display": "100", "missing_lines": 0, "excluded_lines": 0, "percent_statements_covered": 100.0, "percent_statements_covered_display": "100"}, "missing_lines": [], "excluded_lines": [], "start_line": 1}}}, "utils/errors.py": {"executed_lines": [3, 4, 5, 6, 7, 8, 9, 11, 13, 16, 18, 19, 20, 21, 22, 25, 26, 28, 29, 30, 31, 32, 33, 34, 37, 40, 41, 42, 44, 47, 48, 53, 57, 90, 94, 98, 103, 123, 152, 155, 161, 162, 163, 165, 166, 167, 169, 170, 172, 174, 177, 178, 180, 182, 183, 185, 186, 188, 191, 193, 194, 195, 197, 198, 199, 201, 203, 205, 206, 207, 210, 213, 226, 231, 235, 241], "summary": {"covered_lines": 76, "num_statements": 134, "percent_covered": 56.71641791044776, "percent_covered_display": "57", "missing_lines": 58, "excluded_lines": 0, "percent_statements_covered": 56.71641791044776, "percent_statements_covered_display": "57"}, "missing_lines": [45, 49, 50, 51, 55, 64, 73, 76, 77, 80, 81, 84, 85, 86, 87, 88, 92, 96, 100, 101, 105, 106, 107, 108, 110, 111, 112, 114, 130, 131, 132, 133, 134, 135, 136, 137, 138, 139, 140, 142, 144, 145, 146, 148, 149, 175, 176, 189, 190, 220, 221, 222, 223, 224, 228, 229, 233, 237], "excluded_lines": [], "functions": {"ErrorHandler.__init__": {"executed_lines": [], "summary": {"covered_lines": 0, "num_statements": 1, "percent_covered": 0.0, "percent_covered_display": "0", "missing_lines": 1, "excluded_lines": 0, "percent_statements_covered": 0.0, "percent_statements_covered_display": "0"}, "missing_lines": [45], "excluded_lines": [], "start_line": 44}, "ErrorHandler.get_instance": {"executed_lines": [], "summary": {"covered_lines": 0, "num_statements": 3, "percent_covered": 0.0, "percent_covered_display": "0", "missing_lines": 3, "excluded_lines": 0, "percent_statements_covered": 0.0, "percent_statements_covered_display": "0"}, "missing_lines": [49, 50, 51], "excluded_lines": [], "start_line": 48}, "ErrorHandler.register_callback": {"executed_lines": [], "summary": {"covered_lines": 0, "num_statements": 1, "percent_covered": 0.0, "percent_covered_display": "0", "missing_lines": 1, "excluded_lines": 0, "percent_statements_covered": 0.0, "percent_statements_covered_display": "0"}, "missing_lines": [55], "excluded_lines": [], "start_line": 53}, "ErrorHandler.record_error": {"executed_lines": [], "summary": {"covered_lines": 0, "num_statements": 11, "percent_covered": 0.0, "percent_covered_display": "0", "missing_lines": 11, "excluded_lines": 0, "percent_statements_covered": 0.0, "percent_statements_covered_display": "0"}, "missing_lines": [64, 73, 76, 77, 80, 81, 84, 85, 86, 87, 88], "excluded_lines": [], "start_line": 57}, "ErrorHandler.get_recent_errors": {"executed_lines": [], "summary": {"covered_lines": 0, "num_statements": 1, "percent_covered": 0.0, "percent_covered_display": "0", "missing_lines": 1, "excluded_lines": 0, "percent_statements_covered": 0.0, "percent_statements_covered_display": "0"}, "missing_lines": [92], "excluded_lines": [], "start_line": 90}, "ErrorHandler.get_unresolved_errors": {"executed_lines": [], "summary": {"covered_lines": 0, "num_statements": 1, "percent_covered": 0.0, "percent_covered_display": "0", "missing_lines": 1, "excluded_lines": 0, "percent_statements_covered": 0.0, "percent_statements_covered_display": "0"}, "missing_lines": [96], "excluded_lines": [], "start_line": 94}, "ErrorHandler.resolve_error": {"executed_lines": [], "summary": {"covered_lines": 0, "num_statements": 2, "percent_covered": 0.0, "percent_covered_display": "0", "missing_lines": 2, "excluded_lines": 0, "percent_statements_covered": 0.0, "percent_statements_covered_display": "0"}, "missing_lines": [100, 101], "excluded_lines": [], "start_line": 98}, "ErrorHandler.get_error_stats": {"executed_lines": [], "summary": {"covered_lines": 0, "num_statements": 8, "percent_covered": 0.0, "percent_covered_display": "0", "missing_lines": 8, "excluded_lines": 0, "percent_statements_covered": 0.0, "percent_statements_covered_display": "0"}, "missing_lines": [105, 106, 107, 108, 110, 111, 112, 114], "excluded_lines": [], "start_line": 103}, "handle_errors": {"executed_lines": [], "summary": {"covered_lines": 0, "num_statements": 3, "percent_covered": 0.0, "percent_covered_display": "0", "missing_lines": 3, "excluded_lines": 0, "percent_statements_covered": 0.0, "percent_statements_covered_display": "0"}, "missing_lines": [130, 131, 149], "excluded_lines": [], "start_line": 123}, "handle_errors.decorator": {"executed_lines": [], "summary": {"covered_lines": 0, "num_statements": 2, "percent_covered": 0.0, "percent_covered_display": "0", "missing_lines": 2, "excluded_lines": 0, "percent_statements_covered": 0.0, "percent_statements_covered_display": "0"}, "missing_lines": [132, 148], "excluded_lines": [], "start_line": 130}, "handle_errors.decorator.wrapper": {"executed_lines": [], "summary": {"covered_lines": 0, "num_statements": 12, "percent_covered": 0.0, "percent_covered_display": "0", "missing_lines": 12, "excluded_lines": 0, "percent_statements_covered": 0.0, "percent_statements_covered_display": "0"}, "missing_lines": [133, 134, 135, 136, 137, 138, 139, 140, 142, 144, 145, 146], "excluded_lines": [], "start_line": 132}, "CircuitBreaker.__init__": {"executed_lines": [161, 162, 163, 165, 166, 167], "summary": {"covered_lines": 6, "num_statements": 6, "percent_covered": 100.0, "percent_covered_display": "100", "missing_lines": 0, "excluded_lines": 0, "percent_statements_covered": 100.0, "percent_statements_covered_display": "100"}, "missing_lines": [], "excluded_lines": [], "start_line": 155}, "CircuitBreaker.is_open": {"executed_lines": [172, 174, 177, 178], "summary": {"covered_lines": 4, "num_statements": 6, "percent_covered": 66.66666666666667, "percent_covered_display": "67", "missing_lines": 2, "excluded_lines": 0, "percent_statements_covered": 66.66666666666667, "percent_statements_covered_display": "67"}, "missing_lines": [175, 176], "excluded_lines": [], "start_line": 170}, "CircuitBreaker.call": {"executed_lines": [182, 183, 185, 186, 188, 191, 193, 194, 195, 197, 198, 199, 201], "summary": {"covered_lines": 13, "num_statements": 15, "percent_covered": 86.66666666666667, "percent_covered_display": "87", "missing_lines": 2, "excluded_lines": 0, "percent_statements_covered": 86.66666666666667, "percent_statements_covered_display": "87"}, "missing_lines": [189, 190], "excluded_lines": [], "start_line": 180}, "CircuitBreaker.reset": {"executed_lines": [205, 206, 207], "summary": {"covered_lines": 3, "num_statements": 3, "percent_covered": 100.0, "percent_covered_display": "100", "missing_lines": 0, "excluded_lines": 0, "percent_statements_covered": 100.0, "percent_statements_covered_display": "100"}, "missing_lines": [], "excluded_lines": [], "start_line": 203}, "RetryContext.__init__": {"executed_lines": [], "summary": {"covered_lines": 0, "num_statements": 5, "percent_covered": 0.0, "percent_covered_display": "0", "missing_lines": 5, "excluded_lines": 0, "percent_statements_covered": 0.0, "percent_statements_covered_display": "0"}, "missing_lines": [220, 221, 222, 223, 224], "excluded_lines": [], "start_line": 213}, "RetryContext.calculate_delay": {"executed_lines": [], "summary": {"covered_lines": 0, "num_statements": 2, "percent_covered": 0.0, "percent_covered_display": "0", "missing_lines": 2, "excluded_lines": 0, "percent_statements_covered": 0.0, "percent_statements_covered_display": "0"}, "missing_lines": [228, 229], "excluded_lines": [], "start_line": 226}, "RetryContext.should_retry": {"executed_lines": [], "summary": {"covered_lines": 0, "num_statements": 1, "percent_covered": 0.0, "percent_covered_display": "0", "missing_lines": 1, "excluded_lines": 0, "percent_statements_covered": 0.0, "percent_statements_covered_display": "0"}, "missing_lines": [233], "excluded_lines": [], "start_line": 231}, "RetryContext.record_attempt": {"executed_lines": [], "summary": {"covered_lines": 0, "num_statements": 1, "percent_covered": 0.0, "percent_covered_display": "0", "missing_lines": 1, "excluded_lines": 0, "percent_statements_covered": 0.0, "percent_statements_covered_display": "0"}, "missing_lines": [237], "excluded_lines": [], "start_line": 235}, "": {"executed_lines": [3, 4, 5, 6, 7, 8, 9, 11, 13, 16, 18, 19, 20, 21, 22, 25, 26, 28, 29, 30, 31, 32, 33, 34, 37, 40, 41, 42, 44, 47, 48, 53, 57, 90, 94, 98, 103, 123, 152, 155, 169, 170, 180, 203, 210, 213, 226, 231, 235, 241], "summary": {"covered_lines": 50, "num_statements": 50, "percent_covered": 100.0, "percent_covered_display": "100", "missing_lines": 0, "excluded_lines": 0, "percent_statements_covered": 100.0, "percent_statements_covered_display": "100"}, "missing_lines": [], "excluded_lines": [], "start_line": 1}}, "classes": {"ErrorSeverity": {"executed_lines": [], "summary": {"covered_lines": 0, "num_statements": 0, "percent_covered": 100.0, "percent_covered_display": "100", "missing_lines": 0, "excluded_lines": 0, "percent_statements_covered": 100.0, "percent_statements_covered_display": "100"}, "missing_lines": [], "excluded_lines": [], "start_line": 16}, "ErrorRecord": {"executed_lines": [], "summary": {"covered_lines": 0, "num_statements": 0, "percent_covered": 100.0, "percent_covered_display": "100", "missing_lines": 0, "excluded_lines": 0, "percent_statements_covered": 100.0, "percent_statements_covered_display": "100"}, "missing_lines": [], "excluded_lines": [], "start_line": 26}, "ErrorHandler": {"executed_lines": [], "summary": {"covered_lines": 0, "num_statements": 28, "percent_covered": 0.0, "percent_covered_display": "0", "missing_lines": 28, "excluded_lines": 0, "percent_statements_covered": 0.0, "percent_statements_covered_display": "0"}, "missing_lines": [45, 49, 50, 51, 55, 64, 73, 76, 77, 80, 81, 84, 85, 86, 87, 88, 92, 96, 100, 101, 105, 106, 107, 108, 110, 111, 112, 114], "excluded_lines": [], "start_line": 37}, "CircuitBreaker": {"executed_lines": [161, 162, 163, 165, 166, 167, 172, 174, 177, 178, 182, 183, 185, 186, 188, 191, 193, 194, 195, 197, 198, 199, 201, 205, 206, 207], "summary": {"covered_lines": 26, "num_statements": 30, "percent_covered": 86.66666666666667, "percent_covered_display": "87", "missing_lines": 4, "excluded_lines": 0, "percent_statements_covered": 86.66666666666667, "percent_statements_covered_display": "87"}, "missing_lines": [175, 176, 189, 190], "excluded_lines": [], "start_line": 152}, "RetryContext": {"executed_lines": [], "summary": {"covered_lines": 0, "num_statements": 9, "percent_covered": 0.0, "percent_covered_display": "0", "missing_lines": 9, "excluded_lines": 0, "percent_statements_covered": 0.0, "percent_statements_covered_display": "0"}, "missing_lines": [220, 221, 222, 223, 224, 228, 229, 233, 237], "excluded_lines": [], "start_line": 210}, "": {"executed_lines": [3, 4, 5, 6, 7, 8, 9, 11, 13, 16, 18, 19, 20, 21, 22, 25, 26, 28, 29, 30, 31, 32, 33, 34, 37, 40, 41, 42, 44, 47, 48, 53, 57, 90, 94, 98, 103, 123, 152, 155, 169, 170, 180, 203, 210, 213, 226, 231, 235, 241], "summary": {"covered_lines": 50, "num_statements": 67, "percent_covered": 74.6268656716418, "percent_covered_display": "75", "missing_lines": 17, "excluded_lines": 0, "percent_statements_covered": 74.6268656716418, "percent_statements_covered_display": "75"}, "missing_lines": [130, 131, 132, 133, 134, 135, 136, 137, 138, 139, 140, 142, 144, 145, 146, 148, 149], "excluded_lines": [], "start_line": 1}}}, "utils/security.py": {"executed_lines": [3, 4, 5, 6, 7, 9, 10, 11, 12, 14, 15, 17, 19, 22, 23, 25, 26, 27, 30, 33, 47, 72, 85, 86, 101, 121, 140, 163, 187, 211, 233], "summary": {"covered_lines": 31, "num_statements": 132, "percent_covered": 23.484848484848484, "percent_covered_display": "23", "missing_lines": 101, "excluded_lines": 0, "percent_statements_covered": 23.484848484848484, "percent_statements_covered_display": "23"}, "missing_lines": [13, 34, 35, 37, 39, 41, 42, 45, 50, 51, 53, 54, 55, 57, 58, 59, 60, 63, 69, 70, 74, 76, 77, 78, 79, 80, 81, 82, 83, 88, 89, 91, 92, 93, 95, 96, 98, 99, 103, 104, 105, 112, 113, 115, 123, 125, 126, 128, 130, 132, 133, 134, 135, 136, 137, 138, 142, 143, 145, 146, 148, 150, 151, 153, 154, 160, 161, 165, 166, 168, 169, 171, 177, 179, 180, 181, 182, 184, 189, 190, 192, 193, 195, 196, 197, 198, 199, 201, 202, 203, 208, 213, 214, 216, 217, 222, 223, 225, 226, 228, 229], "excluded_lines": [], "functions": {"ConfigEncryption.__init__": {"executed_lines": [], "summary": {"covered_lines": 0, "num_statements": 7, "percent_covered": 0.0, "percent_covered_display": "0", "missing_lines": 7, "excluded_lines": 0, "percent_statements_covered": 0.0, "percent_statements_covered_display": "0"}, "missing_lines": [34, 35, 37, 39, 41, 42, 45], "excluded_lines": [], "start_line": 33}, "ConfigEncryption._init_fernet": {"executed_lines": [], "summary": {"covered_lines": 0, "num_statements": 12, "percent_covered": 0.0, "percent_covered_display": "0", "missing_lines": 12, "excluded_lines": 0, "percent_statements_covered": 0.0, "percent_statements_covered_display": "0"}, "missing_lines": [50, 51, 53, 54, 55, 57, 58, 59, 60, 63, 69, 70], "excluded_lines": [], "start_line": 47}, "ConfigEncryption._load_key": {"executed_lines": [], "summary": {"covered_lines": 0, "num_statements": 9, "percent_covered": 0.0, "percent_covered_display": "0", "missing_lines": 9, "excluded_lines": 0, "percent_statements_covered": 0.0, "percent_statements_covered_display": "0"}, "missing_lines": [74, 76, 77, 78, 79, 80, 81, 82, 83], "excluded_lines": [], "start_line": 72}, "ConfigEncryption.generate_key": {"executed_lines": [], "summary": {"covered_lines": 0, "num_statements": 9, "percent_covered": 0.0, "percent_covered_display": "0", "missing_lines": 9, "excluded_lines": 0, "percent_statements_covered": 0.0, "percent_statements_covered_display": "0"}, "missing_lines": [88, 89, 91, 92, 93, 95, 96, 98, 99], "excluded_lines": [], "start_line": 86}, "ConfigEncryption.encrypt": {"executed_lines": [], "summary": {"covered_lines": 0, "num_statements": 6, "percent_covered": 0.0, "percent_covered_display": "0", "missing_lines": 6, "excluded_lines": 0, "percent_statements_covered": 0.0, "percent_statements_covered_display": "0"}, "missing_lines": [103, 104, 105, 112, 113, 115], "excluded_lines": [], "start_line": 101}, "ConfigEncryption.decrypt": {"executed_lines": [], "summary": {"covered_lines": 0, "num_statements": 12, "percent_covered": 0.0, "percent_covered_display": "0", "missing_lines": 12, "excluded_lines": 0, "percent_statements_covered": 0.0, "percent_statements_covered_display": "0"}, "missing_lines": [123, 125, 126, 128, 130, 132, 133, 134, 135, 136, 137, 138], "excluded_lines": [], "start_line": 121}, "ConfigEncryption.encrypt_file": {"executed_lines": [], "summary": {"covered_lines": 0, "num_statements": 11, "percent_covered": 0.0, "percent_covered_display": "0", "missing_lines": 11, "excluded_lines": 0, "percent_statements_covered": 0.0, "percent_statements_covered_display": "0"}, "missing_lines": [142, 143, 145, 146, 148, 150, 151, 153, 154, 160, 161], "excluded_lines": [], "start_line": 140}, "ConfigEncryption.decrypt_file": {"executed_lines": [], "summary": {"covered_lines": 0, "num_statements": 11, "percent_covered": 0.0, "percent_covered_display": "0", "missing_lines": 11, "excluded_lines": 0, "percent_statements_covered": 0.0, "percent_statements_covered_display": "0"}, "missing_lines": [165, 166, 168, 169, 171, 177, 179, 180, 181, 182, 184], "excluded_lines": [], "start_line": 163}, "encrypt_sensitive_fields": {"executed_lines": [], "summary": {"covered_lines": 0, "num_statements": 13, "percent_covered": 0.0, "percent_covered_display": "0", "missing_lines": 13, "excluded_lines": 0, "percent_statements_covered": 0.0, "percent_statements_covered_display": "0"}, "missing_lines": [189, 190, 192, 193, 195, 196, 197, 198, 199, 201, 202, 203, 208], "excluded_lines": [], "start_line": 187}, "decrypt_sensitive_fields": {"executed_lines": [], "summary": {"covered_lines": 0, "num_statements": 10, "percent_covered": 0.0, "percent_covered_display": "0", "missing_lines": 10, "excluded_lines": 0, "percent_statements_covered": 0.0, "percent_statements_covered_display": "0"}, "missing_lines": [213, 214, 216, 217, 222, 223, 225, 226, 228, 229], "excluded_lines": [], "start_line": 211}, "": {"executed_lines": [3, 4, 5, 6, 7, 9, 10, 11, 12, 14, 15, 17, 19, 22, 23, 25, 26, 27, 30, 33, 47, 72, 85, 86, 101, 121, 140, 163, 187, 211, 233], "summary": {"covered_lines": 31, "num_statements": 32, "percent_covered": 96.875, "percent_covered_display": "97", "missing_lines": 1, "excluded_lines": 0, "percent_statements_covered": 96.875, "percent_statements_covered_display": "97"}, "missing_lines": [13], "excluded_lines": [], "start_line": 1}}, "classes": {"EncryptedConfig": {"executed_lines": [], "summary": {"covered_lines": 0, "num_statements": 0, "percent_covered": 100.0, "percent_covered_display": "100", "missing_lines": 0, "excluded_lines": 0, "percent_statements_covered": 100.0, "percent_statements_covered_display": "100"}, "missing_lines": [], "excluded_lines": [], "start_line": 23}, "ConfigEncryption": {"executed_lines": [], "summary": {"covered_lines": 0, "num_statements": 77, "percent_covered": 0.0, "percent_covered_display": "0", "missing_lines": 77, "excluded_lines": 0, "percent_statements_covered": 0.0, "percent_statements_covered_display": "0"}, "missing_lines": [34, 35, 37, 39, 41, 42, 45, 50, 51, 53, 54, 55, 57, 58, 59, 60, 63, 69, 70, 74, 76, 77, 78, 79, 80, 81, 82, 83, 88, 89, 91, 92, 93, 95, 96, 98, 99, 103, 104, 105, 112, 113, 115, 123, 125, 126, 128, 130, 132, 133, 134, 135, 136, 137, 138, 142, 143, 145, 146, 148, 150, 151, 153, 154, 160, 161, 165, 166, 168, 169, 171, 177, 179, 180, 181, 182, 184], "excluded_lines": [], "start_line": 30}, "": {"executed_lines": [3, 4, 5, 6, 7, 9, 10, 11, 12, 14, 15, 17, 19, 22, 23, 25, 26, 27, 30, 33, 47, 72, 85, 86, 101, 121, 140, 163, 187, 211, 233], "summary": {"covered_lines": 31, "num_statements": 55, "percent_covered": 56.36363636363637, "percent_covered_display": "56", "missing_lines": 24, "excluded_lines": 0, "percent_statements_covered": 56.36363636363637, "percent_statements_covered_display": "56"}, "missing_lines": [13, 189, 190, 192, 193, 195, 196, 197, 198, 199, 201, 202, 203, 208, 213, 214, 216, 217, 222, 223, 225, 226, 228, 229], "excluded_lines": [], "start_line": 1}}}}, "totals": {"covered_lines": 2101, "num_statements": 9698, "percent_covered": 21.664260672303566, "percent_covered_display": "22", "missing_lines": 7597, "excluded_lines": 62, "percent_statements_covered": 21.664260672303566, "percent_statements_covered_display": "22"}}